#
# A fatal error has been detected by the Java Runtime Environment:
#
#  Internal Error (jvmciRuntime.cpp:1609), pid=25, tid=39
#  fatal error: Fatal exception in JVMCI: Error calling jdk.vm.ci.services.Services.serializeSavedProperties
#
# JRE version: OpenJDK Runtime Environment GraalVM CE 22.3.0 (17.0.5+8) (build 17.0.5+8-jvmci-22.3-b08)
# Java VM: OpenJDK 64-Bit Server VM GraalVM CE 22.3.0 (17.0.5+8-jvmci-22.3-b08, mixed mode, sharing, tiered, jvmci, jvmci compiler, compressed oops, compressed class ptrs, parallel gc, linux-amd64)
# Problematic frame:
# V  [libjvm.so+0x972714]  JVMCIRuntime::fatal_exception(JVMCIEnv*, char const*)+0x74
#
# Core dump will be written. Default location: Core dumps may be processed with "/usr/share/apport/apport -p%p -s%s -c%c -d%d -P%P -u%u -g%g -- %E" (or dumping to /home/runner/ParImpar/core.25)
#
# If you would like to submit a bug report, please visit:
#   https://github.com/oracle/graal/issues
#

---------------  S U M M A R Y ------------

Command Line: -XX:ThreadPriorityPolicy=1 -XX:+UnlockExperimentalVMOptions -XX:+EnableJVMCIProduct -XX:JVMCIThreadsPerNativeLibraryRuntime=1 -XX:-UnlockExperimentalVMOptions -Declipse.application=org.eclipse.jdt.ls.core.id1 -Dosgi.bundles.defaultStartLevel=4 -Declipse.product=org.eclipse.jdt.ls.core.product -Dlog.level=ALL -Xverify:none -XX:+UseParallelGC -XX:GCTimeRatio=4 -XX:AdaptiveSizePolicyWeight=90 -Dsun.zip.disableMemoryMapping=true -Xmx512m -Xms100m /nix/store/m6gcpi1ii6rghy04cjwjddcavv7i90df-jdt-language-server-1.9.0/share/java/plugins/org.eclipse.equinox.launcher_1.6.400.v20210924-0641.jar --add-modules=ALL-SYSTEM --add-opens java.base/java.util=ALL-UNNAMED --add-opens java.base/java.lang=ALL-UNNAMED -configuration /home/runner/.cache/jdt-language-server/config -data /home/runner/.cache/jdt-language-server/data/home/runner/ParImpar

Host: AMD EPYC 7B12, 8 cores, 1G, Ubuntu 20.04.2 LTS
Time: Thu Jan 12 14:44:54 2023 UTC elapsed time: 740.770530 seconds (0d 0h 12m 20s)

---------------  T H R E A D  ---------------

Current thread (0x00007fe7680b21e0):  JavaThread "JVMCI-native CompilerThread0" daemon [_thread_in_vm, id=39, stack(0x00007fe74cc1a000,0x00007fe74ce1a000)]


Current CompileTask:
JVMCI-native: 740771 7054       4       org.eclipse.jdt.internal.compiler.lookup.BinaryTypeBinding::createMethod (1687 bytes)

Stack: [0x00007fe74cc1a000,0x00007fe74ce1a000],  sp=0x00007fe74ce18380,  free space=2040k
Native frames: (J=compiled Java code, j=interpreted, Vv=VM code, C=native code)
V  [libjvm.so+0x972714]  JVMCIRuntime::fatal_exception(JVMCIEnv*, char const*)+0x74
V  [libjvm.so+0x93e2fe]  JVMCIEnv::copy_saved_properties()+0x14e
V  [libjvm.so+0x9732a9]  JVMCIRuntime::initialize(JVMCIEnv*)+0xb19
V  [libjvm.so+0x9738a2]  JVMCIRuntime::get_HotSpotJVMCIRuntime(JVMCIEnv*)+0x12
V  [libjvm.so+0x9749f2]  JVMCIRuntime::compile_method(JVMCIEnv*, JVMCICompiler*, methodHandle const&, int)+0xd2
V  [libjvm.so+0x5b0d20]  CompileBroker::invoke_compiler_on_method(CompileTask*)+0x1470
V  [libjvm.so+0x5b12e8]  CompileBroker::compiler_thread_loop()+0x528
V  [libjvm.so+0xd82460]  JavaThread::thread_main_inner()+0xd0
V  [libjvm.so+0xd85a40]  Thread::call_run()+0xc0
V  [libjvm.so+0xbdb1e1]  thread_native_entry(Thread*)+0xe1

Register to memory mapping:

RAX=0x00007fe76c8f0000 points into unknown readable memory: 0x0000000000000058 | 58 00 00 00 00 00 00 00
RBX=0x00007fe76d9eb398: <offset 0x0000000000ef5398> in /nix/store/gpxl5qgg8kicmcvivwmybwjlpf7wh20l-graalvm17-ce-22.3.0/lib/server/libjvm.so at 0x00007fe76caf6000
RCX=0x00007fe76d9a31e8: <offset 0x0000000000ead1e8> in /nix/store/gpxl5qgg8kicmcvivwmybwjlpf7wh20l-graalvm17-ce-22.3.0/lib/server/libjvm.so at 0x00007fe76caf6000
RDX=0x0000000000000649 is an unknown value
RSP=0x00007fe74ce18380 is pointing into the stack for thread: 0x00007fe7680b21e0
RBP=0x00007fe74ce183a0 is pointing into the stack for thread: 0x00007fe7680b21e0
RSI=0x00007fe76d9ebc48: <offset 0x0000000000ef5c48> in /nix/store/gpxl5qgg8kicmcvivwmybwjlpf7wh20l-graalvm17-ce-22.3.0/lib/server/libjvm.so at 0x00007fe76caf6000
RDI=0x00000000e0000000 is an oop: [B 
{0x00000000e0000000} - klass: {type array byte}
 - length: 62
R8 =0x00007fe76d9eb398: <offset 0x0000000000ef5398> in /nix/store/gpxl5qgg8kicmcvivwmybwjlpf7wh20l-graalvm17-ce-22.3.0/lib/server/libjvm.so at 0x00007fe76caf6000
R9 =0x0000000000000003 is an unknown value
R10=0x00007fe76dd3cda0: <offset 0x0000000001246da0> in /nix/store/gpxl5qgg8kicmcvivwmybwjlpf7wh20l-graalvm17-ce-22.3.0/lib/server/libjvm.so at 0x00007fe76caf6000
R11=0x000000080044f048 is pointing into metadata
R12=0x0 is NULL
R13=0x00007fe7680b21e0 is a thread
R14=0x00007fe768000b80 points into unknown readable memory: 0x00007fe76dc1ca38 | 38 ca c1 6d e7 7f 00 00
R15=0x00007fe76dd2ae40: <offset 0x0000000001234e40> in /nix/store/gpxl5qgg8kicmcvivwmybwjlpf7wh20l-graalvm17-ce-22.3.0/lib/server/libjvm.so at 0x00007fe76caf6000


Registers:
RAX=0x00007fe76c8f0000, RBX=0x00007fe76d9eb398, RCX=0x00007fe76d9a31e8, RDX=0x0000000000000649
RSP=0x00007fe74ce18380, RBP=0x00007fe74ce183a0, RSI=0x00007fe76d9ebc48, RDI=0x00000000e0000000
R8 =0x00007fe76d9eb398, R9 =0x0000000000000003, R10=0x00007fe76dd3cda0, R11=0x000000080044f048
R12=0x0000000000000000, R13=0x00007fe7680b21e0, R14=0x00007fe768000b80, R15=0x00007fe76dd2ae40
RIP=0x00007fe76d468714, EFLAGS=0x0000000000010206, CSGSFS=0x002b000000000033, ERR=0x0000000000000006
  TRAPNO=0x000000000000000e

Top of Stack: (sp=0x00007fe74ce18380)
0x00007fe74ce18380:   00007fe74ce18940 00007fe7680b21e0
0x00007fe74ce18390:   00007fe76c2818c8 0000000800c417a0
0x00007fe74ce183a0:   00007fe74ce18500 00007fe76d4342fe
0x00007fe74ce183b0:   00007fe74ce183e0 00007fe74ce18440 

Instructions: (pc=0x00007fe76d468714)
0x00007fe76d468614:   30 e8 f6 cf e8 ff 4c 89 e7 e8 2e 48 d1 ff 84 db
0x00007fe76d468624:   75 2a 4d 85 ed 74 04 4d 8b 6d 00 48 83 c4 08 44
0x00007fe76d468634:   89 f9 4c 89 f2 4c 89 ee 5b 4c 89 e7 41 5c 41 5d
0x00007fe76d468644:   41 5e 41 5f 5d e9 e2 47 d1 ff 66 90 48 83 c4 08
0x00007fe76d468654:   5b 41 5c 41 5d 41 5e 41 5f 5d c3 90 31 d2 be 08
0x00007fe76d468664:   00 00 00 4c 89 ff e8 b1 78 a3 ff 49 89 c5 e9 37
0x00007fe76d468674:   ff ff ff 66 0f 1f 84 00 00 00 00 00 48 8b 7a 08
0x00007fe76d468684:   e9 6d ff ff ff 0f 1f 80 00 00 00 00 e8 5b 48 0a
0x00007fe76d468694:   00 84 c0 75 89 e9 6a ff ff ff 66 90 55 48 89 e5
0x00007fe76d4686a4:   41 56 41 55 41 54 49 89 fc 53 48 89 f3 66 48 8d
0x00007fe76d4686b4:   3d 27 5e 85 00 66 66 48 e8 df 43 8d ff 4c 8b 28
0x00007fe76d4686c4:   8b 05 be 72 8a 00 85 c0 75 14 ba 01 00 00 00 48
0x00007fe76d4686d4:   8d 0d ae 72 8a 00 f0 0f b1 11 85 c0 74 4e be c8
0x00007fe76d4686e4:   00 00 00 4c 89 ef e8 01 0b 41 00 48 8d 05 12 ac
0x00007fe76d4686f4:   85 00 49 89 d8 48 8d 0d e8 aa 53 00 ba 49 06 00
0x00007fe76d468704:   00 48 8d 35 3c 35 58 00 bf 00 00 00 e0 48 8b 00
0x00007fe76d468714:   c6 00 58 31 c0 e8 e2 91 c6 ff 5b 41 5c 41 5d 41
0x00007fe76d468724:   5e 5d e9 55 34 26 00 0f 1f 44 00 00 48 8d 05 81
0x00007fe76d468734:   a3 8b 00 48 89 df 4c 8b 30 e8 9e 43 8d ff 48 89
0x00007fe76d468744:   de 48 89 c2 49 8b 06 4c 89 f7 ff 50 08 4c 89 f7
0x00007fe76d468754:   e8 a7 5c 27 00 4d 85 e4 74 12 be 01 00 00 00 4c
0x00007fe76d468764:   89 e7 e8 35 43 fc ff eb 82 0f 1f 00 be 01 00 00
0x00007fe76d468774:   00 4c 89 ef e8 d3 fd ff ff e9 6d ff ff ff 66 66
0x00007fe76d468784:   2e 0f 1f 84 00 00 00 00 00 0f 1f 00 55 48 89 e5
0x00007fe76d468794:   41 57 41 56 41 55 41 54 53 48 81 ec 08 02 00 00
0x00007fe76d4687a4:   64 48 8b 04 25 28 00 00 00 48 89 45 c8 8b 07 83
0x00007fe76d4687b4:   f8 02 0f 84 11 04 00 00 4c 8b 6f 18 49 89 ff 49
0x00007fe76d4687c4:   89 f4 4d 85 ed 74 14 4c 89 ef e8 5d 57 22 00 41
0x00007fe76d4687d4:   8b 07 83 f8 02 0f 84 19 04 00 00 48 8d 1d 9a 06
0x00007fe76d4687e4:   8a 00 4c 8d 35 0b 3c 58 00 eb 38 90 48 85 d2 7f
0x00007fe76d4687f4:   0d 48 8d 05 b4 c0 85 00 48 83 38 00 7e 0e 41 8b
0x00007fe76d468804:   77 2c 4c 89 f7 31 c0 e8 a0 b2 f7 ff 49 8b 7f 18 


Stack slot to memory mapping:
stack at sp + 0 slots: 0x00007fe74ce18940 is pointing into the stack for thread: 0x00007fe7680b21e0
stack at sp + 1 slots: 0x00007fe7680b21e0 is a thread
stack at sp + 2 slots: 0x00007fe76c2818c8 points into unknown readable memory: 0x6573001880c9ffff | ff ff c9 80 18 00 73 65
stack at sp + 3 slots: 0x0000000800c417a0 is a pointer to class: 
jdk.vm.ci.services.Services {0x0000000800c417a0}
 - instance size:     2
 - klass size:        65
 - access:            public final synchronized 
 - state:             fully_initialized
 - name:              'jdk/vm/ci/services/Services'
 - super:             'java/lang/Object'
 - sub:               
 - arrays:            NULL
 - methods:           Array<T>(0x00007fe74d4435b8)
 - method ordering:   Array<T>(0x0000000800928960)
 - default_methods:   Array<T>(0x0000000000000000)
 - local interfaces:  Array<T>(0x00000008005ce810)
 - trans. interfaces: Array<T>(0x00000008005ce810)
 - constants:         constant pool [427] {0x00007fe74d442698} for 'jdk/vm/ci/services/Services' cache=0x00007fe74d444888
 - class loader data:  loader data: 0x00007fe7680283d0 of 'bootstrap'
 - source file:       'Services.java'
 - class annotations:       Array<T>(0x0000000000000000)
 - class type annotations:  Array<T>(0x0000000000000000)
 - field annotations:       Array<T>(0x0000000000000000)
 - field type annotations:  Array<T>(0x0000000000000000)
 - inner classes:     Array<T>(0x00007fe74d444858)
 - nest members:     Array<T>(0x00007fe74d444878)
 - permitted subclasses:     Array<T>(0x00000008005ce7a0)
 - java mirror:       a 'java/lang/Class'{0x00000000e017c0b0} = 'jdk/vm/ci/services/Services'
 - vtable length      5  (start addr: 0x0000000800c41970)
 - itable length      2 (start addr: 0x0000000800c41998)
 - ---- static fields (3 words):
 - public static final 'IS_BUILDING_NATIVE_IMAGE' 'Z' @128 
 - public static final 'IS_IN_NATIVE_IMAGE' 'Z' @129 
 - private static volatile 'savedProperties' 'Ljava/util/Map;' @112 
 - static final 'JVMCI_ENABLED' 'Z' @130 
 - private static final 'servicesCache' 'Ljava/util/Map;' @116 
 - private static final 'MAX_UNICODE_IN_UTF8_LENGTH' 'I' @120 
 - private static final 'MAX_UTF8_PROPERTY_STRING_LENGTH' 'I' @124 
 - ---- non-static fields (0 words):
 - non-static oop maps: 
stack at sp + 4 slots: 0x00007fe74ce18500 is pointing into the stack for thread: 0x00007fe7680b21e0
stack at sp + 5 slots: 0x00007fe76d4342fe: <offset 0x000000000093e2fe> in /nix/store/gpxl5qgg8kicmcvivwmybwjlpf7wh20l-graalvm17-ce-22.3.0/lib/server/libjvm.so at 0x00007fe76caf6000
stack at sp + 6 slots: 0x00007fe74ce183e0 is pointing into the stack for thread: 0x00007fe7680b21e0
stack at sp + 7 slots: 0x00007fe74ce18440 is pointing into the stack for thread: 0x00007fe7680b21e0


---------------  P R O C E S S  ---------------

Threads class SMR info:
_java_thread_list=0x00007fe6d00a4aa0, length=25, elements={
0x00007fe768026670, 0x00007fe7680a64b0, 0x00007fe7680a78f0, 0x00007fe7680ae050,
0x00007fe7680af400, 0x00007fe7680b07f0, 0x00007fe7680b21e0, 0x00007fe7680b36f0,
0x00007fe7680b4750, 0x00007fe7680d7c70, 0x00007fe76811f600, 0x00007fe76831bbd0,
0x00007fe76834eec0, 0x00007fe7683515b0, 0x00007fe76837d7c0, 0x00007fe6fc01a890,
0x00007fe6fc2a0c60, 0x00007fe6fc482060, 0x00007fe6fc614a60, 0x00007fe768398390,
0x00007fe6e4001220, 0x00007fe7684b3230, 0x00007fe6f8001580, 0x00007fe6cc0e8c00,
0x00007fe6d00b4040
}

Java Threads: ( => current thread )
  0x00007fe768026670 JavaThread "main" [_thread_blocked, id=31, stack(0x00007fe76c911000,0x00007fe76ca11000)]
  0x00007fe7680a64b0 JavaThread "Reference Handler" daemon [_thread_blocked, id=34, stack(0x00007fe74ddac000,0x00007fe74deac000)]
  0x00007fe7680a78f0 JavaThread "Finalizer" daemon [_thread_blocked, id=35, stack(0x00007fe74dcac000,0x00007fe74ddac000)]
  0x00007fe7680ae050 JavaThread "Signal Dispatcher" daemon [_thread_blocked, id=36, stack(0x00007fe74d01a000,0x00007fe74d11a000)]
  0x00007fe7680af400 JavaThread "Service Thread" daemon [_thread_blocked, id=37, stack(0x00007fe74cf1a000,0x00007fe74d01a000)]
  0x00007fe7680b07f0 JavaThread "Monitor Deflation Thread" daemon [_thread_blocked, id=38, stack(0x00007fe74ce1a000,0x00007fe74cf1a000)]
=>0x00007fe7680b21e0 JavaThread "JVMCI-native CompilerThread0" daemon [_thread_in_vm, id=39, stack(0x00007fe74cc1a000,0x00007fe74ce1a000)]
  0x00007fe7680b36f0 JavaThread "C1 CompilerThread0" daemon [_thread_blocked, id=40, stack(0x00007fe74ca1a000,0x00007fe74cc1a000)]
  0x00007fe7680b4750 JavaThread "Sweeper thread" daemon [_thread_blocked, id=41, stack(0x00007fe74c91a000,0x00007fe74ca1a000)]
  0x00007fe7680d7c70 JavaThread "Common-Cleaner" daemon [_thread_blocked, id=42, stack(0x00007fe74c81a000,0x00007fe74c91a000)]
  0x00007fe76811f600 JavaThread "Notification Thread" daemon [_thread_blocked, id=43, stack(0x00007fe74c71a000,0x00007fe74c81a000)]
  0x00007fe76831bbd0 JavaThread "Active Thread: Equinox Container: acea0307-2504-4f5f-84da-e99bdeda89f2" [_thread_blocked, id=53, stack(0x00007fe74c400000,0x00007fe74c500000)]
  0x00007fe76834eec0 JavaThread "Framework Event Dispatcher: Equinox Container: acea0307-2504-4f5f-84da-e99bdeda89f2" daemon [_thread_blocked, id=54, stack(0x00007fe74c200000,0x00007fe74c300000)]
  0x00007fe7683515b0 JavaThread "Start Level: Equinox Container: acea0307-2504-4f5f-84da-e99bdeda89f2" daemon [_thread_blocked, id=55, stack(0x00007fe74c000000,0x00007fe74c100000)]
  0x00007fe76837d7c0 JavaThread "Refresh Thread: Equinox Container: acea0307-2504-4f5f-84da-e99bdeda89f2" daemon [_thread_blocked, id=56, stack(0x00007fe714900000,0x00007fe714a00000)]
  0x00007fe6fc01a890 JavaThread "SCR Component Actor" daemon [_thread_blocked, id=61, stack(0x00007fe714700000,0x00007fe714800000)]
  0x00007fe6fc2a0c60 JavaThread "Worker-JM" [_thread_blocked, id=67, stack(0x00007fe714300000,0x00007fe714400000)]
  0x00007fe6fc482060 JavaThread "Java indexing" daemon [_thread_blocked, id=70, stack(0x00007fe713d00000,0x00007fe713e00000)]
  0x00007fe6fc614a60 JavaThread "Bundle File Closer" daemon [_thread_blocked, id=71, stack(0x00007fe713b00000,0x00007fe713c00000)]
  0x00007fe768398390 JavaThread "pool-3-thread-1" [_thread_blocked, id=76, stack(0x00007fe713900000,0x00007fe713a00000)]
  0x00007fe6e4001220 JavaThread "Worker-2" [_thread_blocked, id=77, stack(0x00007fe713800000,0x00007fe713900000)]
  0x00007fe7684b3230 JavaThread "pool-2-thread-1" [_thread_blocked, id=78, stack(0x00007fe713700000,0x00007fe713800000)]
  0x00007fe6f8001580 JavaThread "Worker-4: Publish Diagnostics" [_thread_blocked, id=83, stack(0x00007fe713500000,0x00007fe713600000)]
  0x00007fe6cc0e8c00 JavaThread "Thread-7" [_thread_blocked, id=497, stack(0x00007fe714100000,0x00007fe714200000)]
  0x00007fe6d00b4040 JavaThread "Worker-5" [_thread_blocked, id=498, stack(0x00007fe714500000,0x00007fe714600000)]

Other Threads:
  0x00007fe7680a1bf0 VMThread "VM Thread" [stack: 0x00007fe74deae000,0x00007fe74dfae000] [id=33] _threads_hazard_ptr=0x00007fe6d00a4aa0
  0x00007fe768120fa0 WatcherThread [stack: 0x00007fe74c61a000,0x00007fe74c71a000] [id=44]
  0x00007fe76803df10 GCTaskThread "GC Thread#0" [stack: 0x00007fe76c4d4000,0x00007fe76c5d4000] [id=32]

Threads with active compile tasks:
JVMCI-native CompilerThread0   740840 7054       4       org.eclipse.jdt.internal.compiler.lookup.BinaryTypeBinding::createMethod (1687 bytes)

VM state: synchronizing (normal execution)

VM Mutex/Monitor currently owned by a thread:  ([mutex/lock_event])
[0x00007fe768023820] Threads_lock - owner thread: 0x00007fe7680a1bf0
[0x00007fe768023fd0] Heap_lock - owner thread: 0x00007fe6fc482060

OutOfMemory and StackOverflow Exception counts:
OutOfMemoryError java_heap_errors=1
LinkageErrors=57

Heap address: 0x00000000e0000000, size: 512 MB, Compressed Oops mode: 32-bit

CDS archive(s) mapped at: [0x0000000800000000-0x0000000800bc8000-0x0000000800bc8000), size 12353536, SharedBaseAddress: 0x0000000800000000, ArchiveRelocationMode: 0.
Compressed class space mapped at: 0x0000000800c00000-0x0000000840c00000, reserved size: 1073741824
Narrow klass base: 0x0000000800000000, Narrow klass shift: 0, Narrow klass range: 0x100000000

GC Precious Log:
 CPUs: 8 total, 1 available
 Memory: 1024M
 Large Page Support: Disabled
 NUMA Support: Disabled
 Compressed Oops: Enabled (32-bit)
 Alignments: Space 512K, Generation 512K, Heap 2M
 Heap Min Capacity: 100M
 Heap Initial Capacity: 100M
 Heap Max Capacity: 512M
 Pre-touch: Disabled
 Parallel Workers: 1

Heap:
 PSYoungGen      total 38400K, used 24576K [0x00000000f5580000, 0x00000000f9180000, 0x0000000100000000)
  eden space 24576K, 100% used [0x00000000f5580000,0x00000000f6d80000,0x00000000f6d80000)
  from space 13824K, 0% used [0x00000000f6d80000,0x00000000f6d80000,0x00000000f7b00000)
  to   space 16896K, 0% used [0x00000000f8100000,0x00000000f8100000,0x00000000f9180000)
 ParOldGen       total 349696K, used 349695K [0x00000000e0000000, 0x00000000f5580000, 0x00000000f5580000)
  object space 349696K, 99% used [0x00000000e0000000,0x00000000f557ffc8,0x00000000f5580000)
 Metaspace       used 53477K, committed 54400K, reserved 1097728K
  class space    used 5355K, committed 5760K, reserved 1048576K

Card table byte_map: [0x00007fe76c5d4000,0x00007fe76c6d5000] _byte_map_base: 0x00007fe76bed4000

Marking Bits: (ParMarkBitMap*) 0x00007fe76dd244c0
 Begin Bits: [0x00007fe74e4b3000, 0x00007fe74ecb3000)
 End Bits:   [0x00007fe74ecb3000, 0x00007fe74f4b3000)

Polling page: 0x00007fe76c8ee000

Metaspace:

Usage:
  Non-class:     46.99 MB used.
      Class:      5.23 MB used.
       Both:     52.22 MB used.

Virtual space:
  Non-class space:       48.00 MB reserved,      47.50 MB ( 99%) committed,  6 nodes.
      Class space:        1.00 GB reserved,       5.62 MB ( <1%) committed,  1 nodes.
             Both:        1.05 GB reserved,      53.12 MB (  5%) committed. 

Chunk freelists:
   Non-Class:  536.00 KB
       Class:  2.38 MB
        Both:  2.90 MB

MaxMetaspaceSize: unlimited
CompressedClassSpaceSize: 1.00 GB
Initial GC threshold: 21.00 MB
Current GC threshold: 88.38 MB
CDS: on
MetaspaceReclaimPolicy: balanced
 - commit_granule_bytes: 65536.
 - commit_granule_words: 8192.
 - virtual_space_node_default_size: 1048576.
 - enlarge_chunks_in_place: 1.
 - new_chunks_are_fully_committed: 0.
 - uncommit_free_chunks: 1.
 - use_allocation_guard: 0.
 - handle_deallocations: 1.


Internal statistics:

num_allocs_failed_limit: 8.
num_arena_births: 362.
num_arena_deaths: 66.
num_vsnodes_births: 7.
num_vsnodes_deaths: 0.
num_space_committed: 849.
num_space_uncommitted: 0.
num_chunks_returned_to_freelist: 91.
num_chunks_taken_from_freelist: 2346.
num_chunk_merges: 38.
num_chunk_splits: 1544.
num_chunks_enlarged: 1009.
num_purges: 2.
num_inconsistent_stats: 0.

CodeHeap 'non-profiled nmethods': size=120036Kb used=2501Kb max_used=2501Kb free=117534Kb
 bounds [0x00007fe756f7a000, 0x00007fe7571fa000, 0x00007fe75e4b3000]
CodeHeap 'profiled nmethods': size=120032Kb used=13164Kb max_used=13164Kb free=106867Kb
 bounds [0x00007fe74fa42000, 0x00007fe750722000, 0x00007fe756f7a000]
CodeHeap 'non-nmethods': size=5692Kb used=1370Kb max_used=1389Kb free=4321Kb
 bounds [0x00007fe74f4b3000, 0x00007fe74f723000, 0x00007fe74fa42000]
 total_blobs=6588 nmethods=5884 adapters=609
 compilation: enabled
              stopped_count=0, restarted_count=0
 full_count=0

JVMCI Events (20 events):
Event: 358.822 Thread 0x00007fe7680b21e0 destroyed JavaVM[4]@0x00007fe712c9e340 for JVMCI runtime 0
Event: 358.822 Thread 0x00007fe7680b21e0 compacted oop handles in JVMCI runtime 0 from 122 to 122
Event: 358.822 Thread 0x00007fe7680b21e0 releasing handles for JVMCI runtime 0: oop handles=122, metadata handles={total=224, live=204, blocks=40}
Event: 358.822 Thread 0x00007fe7680b21e0 detached from JVMCI runtime 0
Event: 644.657 Thread 0x00007fe7680b21e0 attached to JVMCI runtime 0
Event: 644.658 Thread 0x00007fe7680b21e0 created JavaVM[5]@0x00007fe712c9e340 for JVMCI runtime 0
Event: 644.658 Thread 0x00007fe7680b21e0 initializing JVMCI runtime 0
Event: 644.658 Thread 0x00007fe7680b21e0 done waiting for JavaVM references initialization in JVMCI runtime 0
Event: 657.117 Thread 0x00007fe7680b21e0 initialized JVMCI runtime 0
Event: 675.445 Thread 0x00007fe7680b21e0 detaching from JVMCI runtime 0: releasing idle compiler thread (0 other threads still attached)
Event: 675.445 Thread 0x00007fe7680b21e0 shutting down HotSpotJVMCIRuntime for JVMCI runtime 0
Event: 676.845 Thread 0x00007fe7680b21e0 shut down JVMCI runtime 0
Event: 678.217 Thread 0x00007fe7680b21e0 destroyed JavaVM[5]@0x00007fe712c9e340 for JVMCI runtime 0
Event: 678.217 Thread 0x00007fe7680b21e0 compacted oop handles in JVMCI runtime 0 from 58 to 58
Event: 678.217 Thread 0x00007fe7680b21e0 releasing handles for JVMCI runtime 0: oop handles=58, metadata handles={total=96, live=90, blocks=40}
Event: 678.217 Thread 0x00007fe7680b21e0 detached from JVMCI runtime 0
Event: 723.247 Thread 0x00007fe7680b21e0 attached to JVMCI runtime 0
Event: 723.248 Thread 0x00007fe7680b21e0 created JavaVM[6]@0x00007fe712c9e340 for JVMCI runtime 0
Event: 724.659 Thread 0x00007fe7680b21e0 initializing JVMCI runtime 0
Event: 724.659 Thread 0x00007fe7680b21e0 done waiting for JavaVM references initialization in JVMCI runtime 0

Compilation events (20 events):
Event: 671.609 Thread 0x00007fe7680b21e0 nmethod 7036 0x00007fe7571ea910 code [0x00007fe7571eab20, 0x00007fe7571eac48]
Event: 671.609 Thread 0x00007fe7680b21e0 7038       4       org.eclipse.jdt.internal.core.AbstractClassFile::hashCode (18 bytes)
Event: 671.611 Thread 0x00007fe7680b36f0 7039       3       org.eclipse.jdt.internal.core.NameLookup::findType (70 bytes)
Event: 672.836 Thread 0x00007fe7680b36f0 nmethod 7039 0x00007fe75070b990 code [0x00007fe75070bba0, 0x00007fe75070c750]
Event: 672.836 Thread 0x00007fe7680b36f0 7047   !   3       org.eclipse.jdt.internal.core.ClassFile::existsUsingJarTypeCache (161 bytes)
Event: 672.838 Thread 0x00007fe7680b36f0 nmethod 7047 0x00007fe75070ca90 code [0x00007fe75070cda0, 0x00007fe75070f650]
Event: 672.838 Thread 0x00007fe7680b36f0 7040       3       org.eclipse.jdt.internal.core.SingleTypeRequestor::<init> (10 bytes)
Event: 672.838 Thread 0x00007fe7680b36f0 nmethod 7040 0x00007fe75070fc10 code [0x00007fe75070fdc0, 0x00007fe75070ff30]
Event: 674.155 Thread 0x00007fe7680b36f0 7041   !   3       org.eclipse.jdt.internal.core.NameLookup::seekTypes (277 bytes)
Event: 674.210 Thread 0x00007fe7680b36f0 nmethod 7041 0x00007fe750710010 code [0x00007fe7507103c0, 0x00007fe7507120b0]
Event: 674.212 Thread 0x00007fe7680b21e0 nmethod 7038 0x00007fe7571ead90 code [0x00007fe7571eaf20, 0x00007fe7571eb2a8]
Event: 676.846 Thread 0x00007fe7680b36f0 7048       3       org.eclipse.jdt.internal.core.SourceRefElement::equals (35 bytes)
Event: 679.557 Thread 0x00007fe7680b36f0 nmethod 7048 0x00007fe750712a10 code [0x00007fe750712be0, 0x00007fe7507132e0]
Event: 698.553 Thread 0x00007fe7680b36f0 7049       3       org.eclipse.jdt.internal.compiler.lookup.ReferenceBinding::isEnum (15 bytes)
Event: 698.553 Thread 0x00007fe7680b36f0 nmethod 7049 0x00007fe750713410 code [0x00007fe7507135c0, 0x00007fe750713730]
Event: 700.072 Thread 0x00007fe7680b36f0 7050 %     2       org.eclipse.jdt.internal.compiler.lookup.BinaryTypeBinding::createMethod @ 222 (1687 bytes)
Event: 701.561 Thread 0x00007fe7680b36f0 nmethod 7050% 0x00007fe750713810 code [0x00007fe750713ea0, 0x00007fe750718030]
Event: 703.007 Thread 0x00007fe7680b36f0 7051       3       org.eclipse.jdt.internal.compiler.lookup.AnnotatableTypeSystem::getArrayType (247 bytes)
Event: 710.031 Thread 0x00007fe7680b36f0 nmethod 7051 0x00007fe75071ab90 code [0x00007fe75071aea0, 0x00007fe75071cb70]
Event: 723.247 Thread 0x00007fe7680b21e0 7054       4       org.eclipse.jdt.internal.compiler.lookup.BinaryTypeBinding::createMethod (1687 bytes)

GC Heap History (20 events):
Event: 726.121 GC heap before
{Heap before GC invocations=579 (full 496):
 PSYoungGen      total 38400K, used 24576K [0x00000000f5580000, 0x00000000f9180000, 0x0000000100000000)
  eden space 24576K, 100% used [0x00000000f5580000,0x00000000f6d80000,0x00000000f6d80000)
  from space 13824K, 0% used [0x00000000f6d80000,0x00000000f6d80000,0x00000000f7b00000)
  to   space 16896K, 0% used [0x00000000f8100000,0x00000000f8100000,0x00000000f9180000)
 ParOldGen       total 349696K, used 349693K [0x00000000e0000000, 0x00000000f5580000, 0x00000000f5580000)
  object space 349696K, 99% used [0x00000000e0000000,0x00000000f557f710,0x00000000f5580000)
 Metaspace       used 53477K, committed 54400K, reserved 1097728K
  class space    used 5355K, committed 5760K, reserved 1048576K
}
Event: 727.605 GC heap after
{Heap after GC invocations=579 (full 496):
 PSYoungGen      total 41472K, used 24575K [0x00000000f5580000, 0x00000000f9180000, 0x0000000100000000)
  eden space 24576K, 99% used [0x00000000f5580000,0x00000000f6d7ff88,0x00000000f6d80000)
  from space 16896K, 0% used [0x00000000f8100000,0x00000000f8100000,0x00000000f9180000)
  to   space 13824K, 0% used [0x00000000f6d80000,0x00000000f6d80000,0x00000000f7b00000)
 ParOldGen       total 349696K, used 349693K [0x00000000e0000000, 0x00000000f5580000, 0x00000000f5580000)
  object space 349696K, 99% used [0x00000000e0000000,0x00000000f557f5c0,0x00000000f5580000)
 Metaspace       used 53477K, committed 54400K, reserved 1097728K
  class space    used 5355K, committed 5760K, reserved 1048576K
}
Event: 727.606 GC heap before
{Heap before GC invocations=580 (full 497):
 PSYoungGen      total 41472K, used 24575K [0x00000000f5580000, 0x00000000f9180000, 0x0000000100000000)
  eden space 24576K, 99% used [0x00000000f5580000,0x00000000f6d7fff8,0x00000000f6d80000)
  from space 16896K, 0% used [0x00000000f8100000,0x00000000f8100000,0x00000000f9180000)
  to   space 13824K, 0% used [0x00000000f6d80000,0x00000000f6d80000,0x00000000f7b00000)
 ParOldGen       total 349696K, used 349693K [0x00000000e0000000, 0x00000000f5580000, 0x00000000f5580000)
  object space 349696K, 99% used [0x00000000e0000000,0x00000000f557f5c0,0x00000000f5580000)
 Metaspace       used 53477K, committed 54400K, reserved 1097728K
  class space    used 5355K, committed 5760K, reserved 1048576K
}
Event: 729.160 GC heap after
{Heap after GC invocations=580 (full 497):
 PSYoungGen      total 38400K, used 24575K [0x00000000f5580000, 0x00000000f9180000, 0x0000000100000000)
  eden space 24576K, 99% used [0x00000000f5580000,0x00000000f6d7ffe0,0x00000000f6d80000)
  from space 13824K, 0% used [0x00000000f6d80000,0x00000000f6d80000,0x00000000f7b00000)
  to   space 16896K, 0% used [0x00000000f8100000,0x00000000f8100000,0x00000000f9180000)
 ParOldGen       total 349696K, used 349693K [0x00000000e0000000, 0x00000000f5580000, 0x00000000f5580000)
  object space 349696K, 99% used [0x00000000e0000000,0x00000000f557f5c0,0x00000000f5580000)
 Metaspace       used 53477K, committed 54400K, reserved 1097728K
  class space    used 5355K, committed 5760K, reserved 1048576K
}
Event: 729.163 GC heap before
{Heap before GC invocations=581 (full 498):
 PSYoungGen      total 38400K, used 24575K [0x00000000f5580000, 0x00000000f9180000, 0x0000000100000000)
  eden space 24576K, 99% used [0x00000000f5580000,0x00000000f6d7fff0,0x00000000f6d80000)
  from space 13824K, 0% used [0x00000000f6d80000,0x00000000f6d80000,0x00000000f7b00000)
  to   space 16896K, 0% used [0x00000000f8100000,0x00000000f8100000,0x00000000f9180000)
 ParOldGen       total 349696K, used 349693K [0x00000000e0000000, 0x00000000f5580000, 0x00000000f5580000)
  object space 349696K, 99% used [0x00000000e0000000,0x00000000f557f5c0,0x00000000f5580000)
 Metaspace       used 53477K, committed 54400K, reserved 1097728K
  class space    used 5355K, committed 5760K, reserved 1048576K
}
Event: 730.553 GC heap after
{Heap after GC invocations=581 (full 498):
 PSYoungGen      total 41472K, used 24575K [0x00000000f5580000, 0x00000000f9180000, 0x0000000100000000)
  eden space 24576K, 99% used [0x00000000f5580000,0x00000000f6d7ffb8,0x00000000f6d80000)
  from space 16896K, 0% used [0x00000000f8100000,0x00000000f8100000,0x00000000f9180000)
  to   space 13824K, 0% used [0x00000000f6d80000,0x00000000f6d80000,0x00000000f7b00000)
 ParOldGen       total 349696K, used 349693K [0x00000000e0000000, 0x00000000f5580000, 0x00000000f5580000)
  object space 349696K, 99% used [0x00000000e0000000,0x00000000f557f570,0x00000000f5580000)
 Metaspace       used 53477K, committed 54400K, reserved 1097728K
  class space    used 5355K, committed 5760K, reserved 1048576K
}
Event: 730.553 GC heap before
{Heap before GC invocations=582 (full 499):
 PSYoungGen      total 41472K, used 24576K [0x00000000f5580000, 0x00000000f9180000, 0x0000000100000000)
  eden space 24576K, 100% used [0x00000000f5580000,0x00000000f6d80000,0x00000000f6d80000)
  from space 16896K, 0% used [0x00000000f8100000,0x00000000f8100000,0x00000000f9180000)
  to   space 13824K, 0% used [0x00000000f6d80000,0x00000000f6d80000,0x00000000f7b00000)
 ParOldGen       total 349696K, used 349694K [0x00000000e0000000, 0x00000000f5580000, 0x00000000f5580000)
  object space 349696K, 99% used [0x00000000e0000000,0x00000000f557fab8,0x00000000f5580000)
 Metaspace       used 53477K, committed 54400K, reserved 1097728K
  class space    used 5355K, committed 5760K, reserved 1048576K
}
Event: 732.156 GC heap after
{Heap after GC invocations=582 (full 499):
 PSYoungGen      total 38400K, used 24575K [0x00000000f5580000, 0x00000000f9180000, 0x0000000100000000)
  eden space 24576K, 99% used [0x00000000f5580000,0x00000000f6d7ffe8,0x00000000f6d80000)
  from space 13824K, 0% used [0x00000000f6d80000,0x00000000f6d80000,0x00000000f7b00000)
  to   space 16896K, 0% used [0x00000000f8100000,0x00000000f8100000,0x00000000f9180000)
 ParOldGen       total 349696K, used 349693K [0x00000000e0000000, 0x00000000f5580000, 0x00000000f5580000)
  object space 349696K, 99% used [0x00000000e0000000,0x00000000f557f720,0x00000000f5580000)
 Metaspace       used 53477K, committed 54400K, reserved 1097728K
  class space    used 5355K, committed 5760K, reserved 1048576K
}
Event: 732.156 GC heap before
{Heap before GC invocations=583 (full 500):
 PSYoungGen      total 38400K, used 24576K [0x00000000f5580000, 0x00000000f9180000, 0x0000000100000000)
  eden space 24576K, 100% used [0x00000000f5580000,0x00000000f6d80000,0x00000000f6d80000)
  from space 13824K, 0% used [0x00000000f6d80000,0x00000000f6d80000,0x00000000f7b00000)
  to   space 16896K, 0% used [0x00000000f8100000,0x00000000f8100000,0x00000000f9180000)
 ParOldGen       total 349696K, used 349693K [0x00000000e0000000, 0x00000000f5580000, 0x00000000f5580000)
  object space 349696K, 99% used [0x00000000e0000000,0x00000000f557f720,0x00000000f5580000)
 Metaspace       used 53477K, committed 54400K, reserved 1097728K
  class space    used 5355K, committed 5760K, reserved 1048576K
}
Event: 733.841 GC heap after
{Heap after GC invocations=583 (full 500):
 PSYoungGen      total 41472K, used 24576K [0x00000000f5580000, 0x00000000f9180000, 0x0000000100000000)
  eden space 24576K, 100% used [0x00000000f5580000,0x00000000f6d80000,0x00000000f6d80000)
  from space 16896K, 0% used [0x00000000f8100000,0x00000000f8100000,0x00000000f9180000)
  to   space 13824K, 0% used [0x00000000f6d80000,0x00000000f6d80000,0x00000000f7b00000)
 ParOldGen       total 349696K, used 349693K [0x00000000e0000000, 0x00000000f5580000, 0x00000000f5580000)
  object space 349696K, 99% used [0x00000000e0000000,0x00000000f557f700,0x00000000f5580000)
 Metaspace       used 53477K, committed 54400K, reserved 1097728K
  class space    used 5355K, committed 5760K, reserved 1048576K
}
Event: 733.851 GC heap before
{Heap before GC invocations=584 (full 501):
 PSYoungGen      total 41472K, used 24576K [0x00000000f5580000, 0x00000000f9180000, 0x0000000100000000)
  eden space 24576K, 100% used [0x00000000f5580000,0x00000000f6d80000,0x00000000f6d80000)
  from space 16896K, 0% used [0x00000000f8100000,0x00000000f8100000,0x00000000f9180000)
  to   space 13824K, 0% used [0x00000000f6d80000,0x00000000f6d80000,0x00000000f7b00000)
 ParOldGen       total 349696K, used 349695K [0x00000000e0000000, 0x00000000f5580000, 0x00000000f5580000)
  object space 349696K, 99% used [0x00000000e0000000,0x00000000f557feb8,0x00000000f5580000)
 Metaspace       used 53477K, committed 54400K, reserved 1097728K
  class space    used 5355K, committed 5760K, reserved 1048576K
}
Event: 735.242 GC heap after
{Heap after GC invocations=584 (full 501):
 PSYoungGen      total 38400K, used 24576K [0x00000000f5580000, 0x00000000f9180000, 0x0000000100000000)
  eden space 24576K, 100% used [0x00000000f5580000,0x00000000f6d80000,0x00000000f6d80000)
  from space 13824K, 0% used [0x00000000f6d80000,0x00000000f6d80000,0x00000000f7b00000)
  to   space 16896K, 0% used [0x00000000f8100000,0x00000000f8100000,0x00000000f9180000)
 ParOldGen       total 349696K, used 349694K [0x00000000e0000000, 0x00000000f5580000, 0x00000000f5580000)
  object space 349696K, 99% used [0x00000000e0000000,0x00000000f557fa08,0x00000000f5580000)
 Metaspace       used 53477K, committed 54400K, reserved 1097728K
  class space    used 5355K, committed 5760K, reserved 1048576K
}
Event: 735.244 GC heap before
{Heap before GC invocations=585 (full 502):
 PSYoungGen      total 38400K, used 24576K [0x00000000f5580000, 0x00000000f9180000, 0x0000000100000000)
  eden space 24576K, 100% used [0x00000000f5580000,0x00000000f6d80000,0x00000000f6d80000)
  from space 13824K, 0% used [0x00000000f6d80000,0x00000000f6d80000,0x00000000f7b00000)
  to   space 16896K, 0% used [0x00000000f8100000,0x00000000f8100000,0x00000000f9180000)
 ParOldGen       total 349696K, used 349695K [0x00000000e0000000, 0x00000000f5580000, 0x00000000f5580000)
  object space 349696K, 99% used [0x00000000e0000000,0x00000000f557fff8,0x00000000f5580000)
 Metaspace       used 53477K, committed 54400K, reserved 1097728K
  class space    used 5355K, committed 5760K, reserved 1048576K
}
Event: 736.673 GC heap after
{Heap after GC invocations=585 (full 502):
 PSYoungGen      total 41472K, used 24576K [0x00000000f5580000, 0x00000000f9180000, 0x0000000100000000)
  eden space 24576K, 100% used [0x00000000f5580000,0x00000000f6d80000,0x00000000f6d80000)
  from space 16896K, 0% used [0x00000000f8100000,0x00000000f8100000,0x00000000f9180000)
  to   space 13824K, 0% used [0x00000000f6d80000,0x00000000f6d80000,0x00000000f7b00000)
 ParOldGen       total 349696K, used 349695K [0x00000000e0000000, 0x00000000f5580000, 0x00000000f5580000)
  object space 349696K, 99% used [0x00000000e0000000,0x00000000f557fd50,0x00000000f5580000)
 Metaspace       used 53477K, committed 54400K, reserved 1097728K
  class space    used 5355K, committed 5760K, reserved 1048576K
}
Event: 736.674 GC heap before
{Heap before GC invocations=586 (full 503):
 PSYoungGen      total 41472K, used 24576K [0x00000000f5580000, 0x00000000f9180000, 0x0000000100000000)
  eden space 24576K, 100% used [0x00000000f5580000,0x00000000f6d80000,0x00000000f6d80000)
  from space 16896K, 0% used [0x00000000f8100000,0x00000000f8100000,0x00000000f9180000)
  to   space 13824K, 0% used [0x00000000f6d80000,0x00000000f6d80000,0x00000000f7b00000)
 ParOldGen       total 349696K, used 349695K [0x00000000e0000000, 0x00000000f5580000, 0x00000000f5580000)
  object space 349696K, 99% used [0x00000000e0000000,0x00000000f557ff90,0x00000000f5580000)
 Metaspace       used 53477K, committed 54400K, reserved 1097728K
  class space    used 5355K, committed 5760K, reserved 1048576K
}
Event: 738.052 GC heap after
{Heap after GC invocations=586 (full 503):
 PSYoungGen      total 38400K, used 24576K [0x00000000f5580000, 0x00000000f9180000, 0x0000000100000000)
  eden space 24576K, 100% used [0x00000000f5580000,0x00000000f6d80000,0x00000000f6d80000)
  from space 13824K, 0% used [0x00000000f6d80000,0x00000000f6d80000,0x00000000f7b00000)
  to   space 16896K, 0% used [0x00000000f8100000,0x00000000f8100000,0x00000000f9180000)
 ParOldGen       total 349696K, used 349695K [0x00000000e0000000, 0x00000000f5580000, 0x00000000f5580000)
  object space 349696K, 99% used [0x00000000e0000000,0x00000000f557fe30,0x00000000f5580000)
 Metaspace       used 53477K, committed 54400K, reserved 1097728K
  class space    used 5355K, committed 5760K, reserved 1048576K
}
Event: 738.053 GC heap before
{Heap before GC invocations=587 (full 504):
 PSYoungGen      total 38400K, used 24576K [0x00000000f5580000, 0x00000000f9180000, 0x0000000100000000)
  eden space 24576K, 100% used [0x00000000f5580000,0x00000000f6d80000,0x00000000f6d80000)
  from space 13824K, 0% used [0x00000000f6d80000,0x00000000f6d80000,0x00000000f7b00000)
  to   space 16896K, 0% used [0x00000000f8100000,0x00000000f8100000,0x00000000f9180000)
 ParOldGen       total 349696K, used 349695K [0x00000000e0000000, 0x00000000f5580000, 0x00000000f5580000)
  object space 349696K, 99% used [0x00000000e0000000,0x00000000f557ff48,0x00000000f5580000)
 Metaspace       used 53477K, committed 54400K, reserved 1097728K
  class space    used 5355K, committed 5760K, reserved 1048576K
}
Event: 739.422 GC heap after
{Heap after GC invocations=587 (full 504):
 PSYoungGen      total 41472K, used 24576K [0x00000000f5580000, 0x00000000f9180000, 0x0000000100000000)
  eden space 24576K, 100% used [0x00000000f5580000,0x00000000f6d80000,0x00000000f6d80000)
  from space 16896K, 0% used [0x00000000f8100000,0x00000000f8100000,0x00000000f9180000)
  to   space 13824K, 0% used [0x00000000f6d80000,0x00000000f6d80000,0x00000000f7b00000)
 ParOldGen       total 349696K, used 349695K [0x00000000e0000000, 0x00000000f5580000, 0x00000000f5580000)
  object space 349696K, 99% used [0x00000000e0000000,0x00000000f557fe78,0x00000000f5580000)
 Metaspace       used 53477K, committed 54400K, reserved 1097728K
  class space    used 5355K, committed 5760K, reserved 1048576K
}
Event: 739.422 GC heap before
{Heap before GC invocations=588 (full 505):
 PSYoungGen      total 41472K, used 24576K [0x00000000f5580000, 0x00000000f9180000, 0x0000000100000000)
  eden space 24576K, 100% used [0x00000000f5580000,0x00000000f6d80000,0x00000000f6d80000)
  from space 16896K, 0% used [0x00000000f8100000,0x00000000f8100000,0x00000000f9180000)
  to   space 13824K, 0% used [0x00000000f6d80000,0x00000000f6d80000,0x00000000f7b00000)
 ParOldGen       total 349696K, used 349695K [0x00000000e0000000, 0x00000000f5580000, 0x00000000f5580000)
  object space 349696K, 99% used [0x00000000e0000000,0x00000000f557fe78,0x00000000f5580000)
 Metaspace       used 53477K, committed 54400K, reserved 1097728K
  class space    used 5355K, committed 5760K, reserved 1048576K
}
Event: 740.748 GC heap after
{Heap after GC invocations=588 (full 505):
 PSYoungGen      total 38400K, used 24576K [0x00000000f5580000, 0x00000000f9180000, 0x0000000100000000)
  eden space 24576K, 100% used [0x00000000f5580000,0x00000000f6d80000,0x00000000f6d80000)
  from space 13824K, 0% used [0x00000000f6d80000,0x00000000f6d80000,0x00000000f7b00000)
  to   space 16896K, 0% used [0x00000000f8100000,0x00000000f8100000,0x00000000f9180000)
 ParOldGen       total 349696K, used 349695K [0x00000000e0000000, 0x00000000f5580000, 0x00000000f5580000)
  object space 349696K, 99% used [0x00000000e0000000,0x00000000f557fe78,0x00000000f5580000)
 Metaspace       used 53477K, committed 54400K, reserved 1097728K
  class space    used 5355K, committed 5760K, reserved 1048576K
}

Dll operation events (9 events):
Event: 0.012 Loaded shared library /nix/store/gpxl5qgg8kicmcvivwmybwjlpf7wh20l-graalvm17-ce-22.3.0/lib/libjava.so
Event: 0.025 Loaded shared library /nix/store/gpxl5qgg8kicmcvivwmybwjlpf7wh20l-graalvm17-ce-22.3.0/lib/libjsvml.so
Event: 0.250 Loaded shared library /nix/store/gpxl5qgg8kicmcvivwmybwjlpf7wh20l-graalvm17-ce-22.3.0/lib/libnio.so
Event: 0.260 Loaded shared library /nix/store/gpxl5qgg8kicmcvivwmybwjlpf7wh20l-graalvm17-ce-22.3.0/lib/libzip.so
Event: 0.265 Loaded shared library /nix/store/gpxl5qgg8kicmcvivwmybwjlpf7wh20l-graalvm17-ce-22.3.0/lib/libjvmcicompiler.so
Event: 0.716 Loaded shared library /nix/store/gpxl5qgg8kicmcvivwmybwjlpf7wh20l-graalvm17-ce-22.3.0/lib/libjimage.so
Event: 1.254 Loaded shared library /nix/store/gpxl5qgg8kicmcvivwmybwjlpf7wh20l-graalvm17-ce-22.3.0/lib/libnet.so
Event: 5.033 Loaded shared library /home/runner/.cache/jdt-language-server/config/org.eclipse.equinox.launcher/org.eclipse.equinox.launcher.gtk.linux.x86_64_1.2.400.v20211117-0650/eclipse_11600.so
Event: 15.532 Loaded shared library /nix/store/gpxl5qgg8kicmcvivwmybwjlpf7wh20l-graalvm17-ce-22.3.0/lib/libextnet.so

Deoptimization events (20 events):
Event: 59.320 Thread 0x00007fe6fc482060 DEOPT PACKING pc=0x00007fe7506f3ddd sp=0x00007fe713dfe530
Event: 59.320 Thread 0x00007fe6fc482060 DEOPT UNPACKING pc=0x00007fe74f505325 sp=0x00007fe713dfda20 mode 0
Event: 59.322 Thread 0x00007fe6fc482060 DEOPT PACKING pc=0x00007fe7506f3ddd sp=0x00007fe713dfe530
Event: 59.322 Thread 0x00007fe6fc482060 DEOPT UNPACKING pc=0x00007fe74f505325 sp=0x00007fe713dfda20 mode 0
Event: 59.325 Thread 0x00007fe6fc482060 DEOPT PACKING pc=0x00007fe7506f3ddd sp=0x00007fe713dfe530
Event: 59.325 Thread 0x00007fe6fc482060 DEOPT UNPACKING pc=0x00007fe74f505325 sp=0x00007fe713dfda20 mode 0
Event: 59.326 Thread 0x00007fe6fc482060 DEOPT PACKING pc=0x00007fe7506f3ddd sp=0x00007fe713dfe530
Event: 59.327 Thread 0x00007fe6fc482060 DEOPT UNPACKING pc=0x00007fe74f505325 sp=0x00007fe713dfda20 mode 0
Event: 59.328 Thread 0x00007fe6fc482060 DEOPT PACKING pc=0x00007fe7506f3ddd sp=0x00007fe713dfe530
Event: 59.328 Thread 0x00007fe6fc482060 DEOPT UNPACKING pc=0x00007fe74f505325 sp=0x00007fe713dfda20 mode 0
Event: 59.331 Thread 0x00007fe6fc482060 DEOPT PACKING pc=0x00007fe7506f3ddd sp=0x00007fe713dfe530
Event: 59.331 Thread 0x00007fe6fc482060 DEOPT UNPACKING pc=0x00007fe74f505325 sp=0x00007fe713dfda20 mode 0
Event: 59.333 Thread 0x00007fe6fc482060 DEOPT PACKING pc=0x00007fe7506f3d6c sp=0x00007fe713dfe530
Event: 59.333 Thread 0x00007fe6fc482060 DEOPT UNPACKING pc=0x00007fe74f505325 sp=0x00007fe713dfda20 mode 0
Event: 59.334 Thread 0x00007fe6fc482060 DEOPT PACKING pc=0x00007fe7506f3d6c sp=0x00007fe713dfe530
Event: 59.334 Thread 0x00007fe6fc482060 DEOPT UNPACKING pc=0x00007fe74f505325 sp=0x00007fe713dfda20 mode 0
Event: 59.410 Thread 0x00007fe6fc482060 DEOPT PACKING pc=0x00007fe7506f3d6c sp=0x00007fe713dfe530
Event: 59.410 Thread 0x00007fe6fc482060 DEOPT UNPACKING pc=0x00007fe74f505325 sp=0x00007fe713dfda20 mode 0
Event: 59.413 Thread 0x00007fe6fc482060 DEOPT PACKING pc=0x00007fe7506f3ddd sp=0x00007fe713dfe530
Event: 59.413 Thread 0x00007fe6fc482060 DEOPT UNPACKING pc=0x00007fe74f505325 sp=0x00007fe713dfda20 mode 0

Classes unloaded (20 events):
Event: 63.048 Thread 0x00007fe7680a1bf0 Unloading class 0x0000000800ef4000 'jdk/internal/reflect/GeneratedConstructorAccessor8'
Event: 63.048 Thread 0x00007fe7680a1bf0 Unloading class 0x0000000800d99000 'java/lang/invoke/LambdaForm$MH+0x0000000800d99000'
Event: 63.048 Thread 0x00007fe7680a1bf0 Unloading class 0x0000000800d98c00 'java/lang/invoke/LambdaForm$MH+0x0000000800d98c00'
Event: 63.048 Thread 0x00007fe7680a1bf0 Unloading class 0x0000000800d98800 'java/lang/invoke/LambdaForm$MH+0x0000000800d98800'
Event: 63.048 Thread 0x00007fe7680a1bf0 Unloading class 0x0000000800d98400 'java/lang/invoke/LambdaForm$MH+0x0000000800d98400'
Event: 63.048 Thread 0x00007fe7680a1bf0 Unloading class 0x0000000800d98000 'jdk/internal/reflect/GeneratedConstructorAccessor3'
Event: 63.048 Thread 0x00007fe7680a1bf0 Unloading class 0x0000000800d06800 'java/lang/invoke/LambdaForm$MH+0x0000000800d06800'
Event: 63.048 Thread 0x00007fe7680a1bf0 Unloading class 0x0000000800d06000 'java/lang/invoke/LambdaForm$MH+0x0000000800d06000'
Event: 63.048 Thread 0x00007fe7680a1bf0 Unloading class 0x0000000800d05c00 'java/lang/invoke/LambdaForm$MH+0x0000000800d05c00'
Event: 63.048 Thread 0x00007fe7680a1bf0 Unloading class 0x0000000800d05800 'java/lang/invoke/LambdaForm$MH+0x0000000800d05800'
Event: 63.048 Thread 0x00007fe7680a1bf0 Unloading class 0x0000000800d05000 'java/lang/invoke/LambdaForm$MH+0x0000000800d05000'
Event: 63.048 Thread 0x00007fe7680a1bf0 Unloading class 0x0000000800d04c00 'java/lang/invoke/LambdaForm$MH+0x0000000800d04c00'
Event: 63.048 Thread 0x00007fe7680a1bf0 Unloading class 0x0000000800d04800 'java/lang/invoke/LambdaForm$MH+0x0000000800d04800'
Event: 63.048 Thread 0x00007fe7680a1bf0 Unloading class 0x0000000800d04000 'java/lang/invoke/LambdaForm$MH+0x0000000800d04000'
Event: 63.048 Thread 0x00007fe7680a1bf0 Unloading class 0x0000000800c1d000 'jdk/internal/reflect/GeneratedMethodAccessor5'
Event: 63.048 Thread 0x00007fe7680a1bf0 Unloading class 0x0000000800c1cc00 'jdk/internal/reflect/GeneratedMethodAccessor4'
Event: 63.048 Thread 0x00007fe7680a1bf0 Unloading class 0x0000000800c1c800 'jdk/internal/reflect/GeneratedMethodAccessor3'
Event: 63.048 Thread 0x00007fe7680a1bf0 Unloading class 0x0000000800c1c400 'jdk/internal/reflect/GeneratedMethodAccessor2'
Event: 63.048 Thread 0x00007fe7680a1bf0 Unloading class 0x0000000800c1c000 'jdk/internal/reflect/GeneratedMethodAccessor1'
Event: 63.048 Thread 0x00007fe7680a1bf0 Unloading class 0x0000000800c01c00 'java/lang/invoke/LambdaForm$DMH+0x0000000800c01c00'

Classes redefined (0 events):
No events

Internal exceptions (20 events):
Event: 29.534 Thread 0x00007fe6d8000ff0 Exception <a 'sun/nio/fs/UnixException'{0x00000000f61b8d28}> (0x00000000f61b8d28) 
thrown [src/hotspot/share/prims/jni.cpp, line 516]
Event: 29.621 Thread 0x00007fe6d8000ff0 Exception <a 'sun/nio/fs/UnixException'{0x00000000f622a428}> (0x00000000f622a428) 
thrown [src/hotspot/share/prims/jni.cpp, line 516]
Event: 29.622 Thread 0x00007fe6d8000ff0 Exception <a 'sun/nio/fs/UnixException'{0x00000000f622e4b0}> (0x00000000f622e4b0) 
thrown [src/hotspot/share/prims/jni.cpp, line 516]
Event: 29.623 Thread 0x00007fe6d8000ff0 Exception <a 'sun/nio/fs/UnixException'{0x00000000f622f288}> (0x00000000f622f288) 
thrown [src/hotspot/share/prims/jni.cpp, line 516]
Event: 29.627 Thread 0x00007fe6d8000ff0 Exception <a 'sun/nio/fs/UnixException'{0x00000000f6238c58}> (0x00000000f6238c58) 
thrown [src/hotspot/share/prims/jni.cpp, line 516]
Event: 29.630 Thread 0x00007fe6d8000ff0 Exception <a 'sun/nio/fs/UnixException'{0x00000000f62a79d8}> (0x00000000f62a79d8) 
thrown [src/hotspot/share/prims/jni.cpp, line 516]
Event: 29.631 Thread 0x00007fe6d8000ff0 Exception <a 'sun/nio/fs/UnixException'{0x00000000f62a87c0}> (0x00000000f62a87c0) 
thrown [src/hotspot/share/prims/jni.cpp, line 516]
Event: 29.818 Thread 0x00007fe6d8000ff0 Exception <a 'java/lang/NoSuchMethodError'{0x00000000f57aa340}: 'int java.lang.invoke.DirectMethodHandle$Holder.invokeVirtual(java.lang.Object, java.lang.Object)'> (0x00000000f57aa340) 
thrown [src/hotspot/share/interpreter/linkResolver.cpp, line 758]
Event: 29.911 Thread 0x00007fe6d8000ff0 Implicit null exception at 0x00007fe7570c6ec2 to 0x00007fe7570c742e
Event: 29.917 Thread 0x00007fe6d8000ff0 Exception <a 'java/lang/NoSuchMethodError'{0x00000000f5a96f50}: 'int java.lang.invoke.DirectMethodHandle$Holder.invokeVirtual(java.lang.Object, java.lang.Object, java.lang.Object)'> (0x00000000f5a96f50) 
thrown [src/hotspot/share/interpreter/linkResolver.cpp, line 758]
Event: 31.153 Thread 0x00007fe6d8000ff0 Exception <a 'sun/nio/fs/UnixException'{0x00000000f56b8390}> (0x00000000f56b8390) 
thrown [src/hotspot/share/prims/jni.cpp, line 516]
Event: 31.312 Thread 0x00007fe6fc304a20 Exception <a 'java/lang/NoSuchMethodError'{0x00000000f5b0cbe8}: 'java.lang.Object java.lang.invoke.DirectMethodHandle$Holder.invokeStatic(java.lang.Object, java.lang.Object, java.lang.Object, long)'> (0x00000000f5b0cbe8) 
thrown [src/hotspot/share/interpreter/linkResolver.cpp, line 758]
Event: 31.316 Thread 0x00007fe6fc304a20 Exception <a 'java/lang/NoSuchMethodError'{0x00000000f5b16138}: 'java.lang.Object java.lang.invoke.DirectMethodHandle$Holder.newInvokeSpecial(java.lang.Object, java.lang.Object, java.lang.Object, long)'> (0x00000000f5b16138) 
thrown [src/hotspot/share/interpreter/linkResolver.cpp, line 758]
Event: 31.316 Thread 0x00007fe6fc304a20 Exception <a 'java/lang/NoSuchMethodError'{0x00000000f5b1b4d0}: 'java.lang.Object java.lang.invoke.DirectMethodHandle$Holder.invokeSpecial(java.lang.Object, java.lang.Object, java.lang.Object, java.lang.Object, long)'> (0x00000000f5b1b4d0) 
thrown [src/hotspot/share/interpreter/linkResolver.cpp, line 758]
Event: 31.322 Thread 0x00007fe6fc304a20 Exception <a 'java/lang/NoSuchMethodError'{0x00000000f5b1f510}: 'java.lang.Object java.lang.invoke.Invokers$Holder.linkToTargetMethod(java.lang.Object, java.lang.Object, long, java.lang.Object)'> (0x00000000f5b1f510) 
thrown [src/hotspot/share/interpreter/linkResolver.cpp, line 758]
Event: 33.232 Thread 0x00007fe6cc1577a0 Exception <a 'java/lang/NoSuchMethodError'{0x00000000f60f8c18}: 'int java.lang.invoke.DirectMethodHandle$Holder.invokeStatic(java.lang.Object, java.lang.Object, java.lang.Object, int)'> (0x00000000f60f8c18) 
thrown [src/hotspot/share/interpreter/linkResolver.cpp, line 758]
Event: 35.527 Thread 0x00007fe6cc1577a0 Exception <a 'java/lang/NoSuchMethodError'{0x00000000f584d028}: 'java.lang.Object java.lang.invoke.DirectMethodHandle$Holder.invokeStatic(java.lang.Object, int, java.lang.Object, java.lang.Object, java.lang.Object, java.lang.Object)'> (0x00000000f584d028) 
thrown [src/hotspot/share/interpreter/linkResolver.cpp, line 758]
Event: 35.823 Thread 0x00007fe6cc1577a0 Exception <a 'java/lang/NoSuchMethodError'{0x00000000f62a3430}: 'void java.lang.invoke.DirectMethodHandle$Holder.invokeSpecial(java.lang.Object, java.lang.Object, int)'> (0x00000000f62a3430) 
thrown [src/hotspot/share/interpreter/linkResolver.cpp, line 758]
Event: 36.710 Thread 0x00007fe6cc1577a0 Exception <a 'java/lang/NoSuchMethodError'{0x00000000f68472e0}: 'int java.lang.invoke.DirectMethodHandle$Holder.invokeSpecialIFC(java.lang.Object, java.lang.Object, java.lang.Object, java.lang.Object)'> (0x00000000f68472e0) 
thrown [src/hotspot/share/interpreter/linkResolver.cpp, line 758]
Event: 740.749 Thread 0x00007fe7680b21e0 Exception <a 'java/lang/OutOfMemoryError'{0x00000000e000fe70}> (0x00000000e000fe70) 
thrown [src/hotspot/share/gc/shared/memAllocator.cpp, line 136]

VM Operations (20 events):
Event: 724.659 Executing VM operation: ParallelGCFailedAllocation
Event: 726.120 Executing VM operation: ParallelGCFailedAllocation done
Event: 726.121 Executing VM operation: ParallelGCFailedAllocation
Event: 727.606 Executing VM operation: ParallelGCFailedAllocation done
Event: 727.606 Executing VM operation: ParallelGCFailedAllocation
Event: 729.160 Executing VM operation: ParallelGCFailedAllocation done
Event: 729.161 Executing VM operation: ParallelGCFailedAllocation
Event: 730.553 Executing VM operation: ParallelGCFailedAllocation done
Event: 730.553 Executing VM operation: ParallelGCFailedAllocation
Event: 732.156 Executing VM operation: ParallelGCFailedAllocation done
Event: 732.156 Executing VM operation: ParallelGCFailedAllocation
Event: 733.841 Executing VM operation: ParallelGCFailedAllocation done
Event: 733.851 Executing VM operation: ParallelGCFailedAllocation
Event: 735.243 Executing VM operation: ParallelGCFailedAllocation done
Event: 735.243 Executing VM operation: ParallelGCFailedAllocation
Event: 736.673 Executing VM operation: ParallelGCFailedAllocation done
Event: 736.674 Executing VM operation: ParallelGCFailedAllocation
Event: 738.052 Executing VM operation: ParallelGCFailedAllocation done
Event: 738.053 Executing VM operation: ParallelGCFailedAllocation
Event: 740.748 Executing VM operation: ParallelGCFailedAllocation done

Events (20 events):
Event: 41.216 loading class java/lang/Throwable$WrappedPrintWriter
Event: 41.217 loading class java/lang/Throwable$PrintStreamOrWriter
Event: 41.217 loading class java/lang/Throwable$PrintStreamOrWriter done
Event: 41.217 loading class java/lang/Throwable$WrappedPrintWriter done
Event: 41.429 Thread 0x00007fe6cc0e52e0 Thread exited: 0x00007fe6cc0e52e0
Event: 42.610 Thread 0x00007fe6cc0e52e0 Thread added: 0x00007fe6cc0e52e0
Event: 42.610 Protecting memory [0x00007fe713300000,0x00007fe713304000] with protection modes 0
Event: 42.710 Thread 0x00007fe7680b4750 flushing nmethod 0x00007fe75050e390
Event: 43.225 Thread 0x00007fe6cc0e52e0 Thread exited: 0x00007fe6cc0e52e0
Event: 43.522 Thread 0x00007fe6d00b4040 Thread added: 0x00007fe6d00b4040
Event: 43.522 Protecting memory [0x00007fe713300000,0x00007fe713304000] with protection modes 0
Event: 43.614 Thread 0x00007fe6d00b4040 Thread exited: 0x00007fe6d00b4040
Event: 63.814 Thread 0x00007fe76820e910 Thread exited: 0x00007fe76820e910
Event: 104.264 Thread 0x00007fe6d8000ff0 Thread exited: 0x00007fe6d8000ff0
Event: 104.264 Thread 0x00007fe6f00010d0 Thread exited: 0x00007fe6f00010d0
Event: 105.739 Thread 0x00007fe6fc304a20 Thread exited: 0x00007fe6fc304a20
Event: 311.336 Thread 0x00007fe6cc0e8c00 Thread added: 0x00007fe6cc0e8c00
Event: 311.336 Protecting memory [0x00007fe714100000,0x00007fe714104000] with protection modes 0
Event: 313.033 Thread 0x00007fe6d00b4040 Thread added: 0x00007fe6d00b4040
Event: 313.033 Protecting memory [0x00007fe714500000,0x00007fe714504000] with protection modes 0


Dynamic libraries:
e0000000-f5580000 rw-p 00000000 00:00 0 
f5580000-f9180000 rw-p 00000000 00:00 0 
f9180000-100000000 ---p 00000000 00:00 0 
800000000-800449000 rw-p 00001000 00:18a4 9223372037562745673            /nix/store/gpxl5qgg8kicmcvivwmybwjlpf7wh20l-graalvm17-ce-22.3.0/lib/server/classes.jsa
800449000-800bc8000 r--p 0044a000 00:18a4 9223372037562745673            /nix/store/gpxl5qgg8kicmcvivwmybwjlpf7wh20l-graalvm17-ce-22.3.0/lib/server/classes.jsa
800bc8000-800c00000 ---p 00000000 00:00 0 
800c00000-800c20000 rw-p 00000000 00:00 0 
800c20000-800c40000 rw-p 00000000 00:00 0 
800c40000-800cc0000 rw-p 00000000 00:00 0 
800cc0000-800d00000 rw-p 00000000 00:00 0 
800d00000-800dc0000 rw-p 00000000 00:00 0 
800dc0000-800e00000 rw-p 00000000 00:00 0 
800e00000-800f40000 rw-p 00000000 00:00 0 
800f40000-800fc0000 rw-p 00000000 00:00 0 
800fc0000-800ff0000 rw-p 00000000 00:00 0 
800ff0000-801000000 ---p 00000000 00:00 0 
801000000-8011b0000 rw-p 00000000 00:00 0 
8011b0000-840c00000 ---p 00000000 00:00 0 
5610f450a000-5610f450b000 r-xp 00000000 00:18a4 9223372037526805748      /nix/store/gpxl5qgg8kicmcvivwmybwjlpf7wh20l-graalvm17-ce-22.3.0/bin/.java-wrapped
5610f450c000-5610f450d000 r--p 00001000 00:18a4 9223372037526805748      /nix/store/gpxl5qgg8kicmcvivwmybwjlpf7wh20l-graalvm17-ce-22.3.0/bin/.java-wrapped
5610f450d000-5610f450e000 rw-p 00002000 00:18a4 9223372037526805748      /nix/store/gpxl5qgg8kicmcvivwmybwjlpf7wh20l-graalvm17-ce-22.3.0/bin/.java-wrapped
5610f450e000-5610f450f000 rw-p 00004000 00:18a4 9223372037526805748      /nix/store/gpxl5qgg8kicmcvivwmybwjlpf7wh20l-graalvm17-ce-22.3.0/bin/.java-wrapped
5610f450f000-5610f4510000 rw-p 00005000 00:18a4 9223372037526805748      /nix/store/gpxl5qgg8kicmcvivwmybwjlpf7wh20l-graalvm17-ce-22.3.0/bin/.java-wrapped
5610f45e7000-5610f462f000 rw-p 00000000 00:00 0                          [heap]
7fe6ba4b3000-7fe6c4000000 r--s 00000000 00:18a4 9223372037562580485      /nix/store/gpxl5qgg8kicmcvivwmybwjlpf7wh20l-graalvm17-ce-22.3.0/lib/modules
7fe6c4000000-7fe6c4196000 rw-p 00000000 00:00 0 
7fe6c4196000-7fe6c8000000 ---p 00000000 00:00 0 
7fe6c8000000-7fe6c8064000 rw-p 00000000 00:00 0 
7fe6c8064000-7fe6cc000000 ---p 00000000 00:00 0 
7fe6cc000000-7fe6cc171000 rw-p 00000000 00:00 0 
7fe6cc171000-7fe6d0000000 ---p 00000000 00:00 0 
7fe6d0000000-7fe6d00e1000 rw-p 00000000 00:00 0 
7fe6d00e1000-7fe6d4000000 ---p 00000000 00:00 0 
7fe6d4000000-7fe6d4021000 rw-p 00000000 00:00 0 
7fe6d4021000-7fe6d8000000 ---p 00000000 00:00 0 
7fe6d8000000-7fe6d80fb000 rw-p 00000000 00:00 0 
7fe6d80fb000-7fe6dc000000 ---p 00000000 00:00 0 
7fe6dc000000-7fe6dc021000 rw-p 00000000 00:00 0 
7fe6dc021000-7fe6e0000000 ---p 00000000 00:00 0 
7fe6e1c00000-7fe6e1ca0000 rw-p 00000000 00:00 0 
7fe6e1ca0000-7fe6e2390000 rw-p 00000000 00:00 0 
7fe6e2390000-7fe6e2400000 ---p 00000000 00:00 0 
7fe6e2400000-7fe6e2700000 rw-p 00000000 00:00 0 
7fe6e2700000-7fe6e27f0000 rw-p 00000000 00:00 0 
7fe6e27f0000-7fe6e2800000 ---p 00000000 00:00 0 
7fe6e2800000-7fe6e2c00000 rw-p 00000000 00:00 0 
7fe6e2c00000-7fe6e2c80000 rw-p 00000000 00:00 0 
7fe6e2c80000-7fe6e2d00000 rw-p 00000000 00:00 0 
7fe6e2d00000-7fe6e2f00000 rw-p 00000000 00:00 0 
7fe6e2f00000-7fe6e3100000 rw-p 00000000 00:00 0 
7fe6e3100000-7fe6e3200000 rw-p 00000000 00:00 0 
7fe6e3200000-7fe6e3400000 rw-p 00000000 00:00 0 
7fe6e3800000-7fe6e3900000 rw-p 00000000 00:00 0 
7fe6e3900000-7fe6e3a00000 rw-p 00000000 00:00 0 
7fe6e3a00000-7fe6e3f80000 rw-p 00000000 00:00 0 
7fe6e3f80000-7fe6e4000000 rw-p 00000000 00:00 0 
7fe6e4000000-7fe6e4366000 rw-p 00000000 00:00 0 
7fe6e4366000-7fe6e8000000 ---p 00000000 00:00 0 
7fe6e8000000-7fe6e805e000 rw-p 00000000 00:00 0 
7fe6e805e000-7fe6ec000000 ---p 00000000 00:00 0 
7fe6ec000000-7fe6ec021000 rw-p 00000000 00:00 0 
7fe6ec021000-7fe6f0000000 ---p 00000000 00:00 0 
7fe6f0000000-7fe6f005a000 rw-p 00000000 00:00 0 
7fe6f005a000-7fe6f4000000 ---p 00000000 00:00 0 
7fe6f4000000-7fe6f4021000 rw-p 00000000 00:00 0 
7fe6f4021000-7fe6f8000000 ---p 00000000 00:00 0 
7fe6f8000000-7fe6f8041000 rw-p 00000000 00:00 0 
7fe6f8041000-7fe6fc000000 ---p 00000000 00:00 0 
7fe6fc000000-7fe6fc8b7000 rw-p 00000000 00:00 0 
7fe6fc8b7000-7fe700000000 ---p 00000000 00:00 0 
7fe700000000-7fe700025000 rw-p 00000000 00:00 0 
7fe700025000-7fe704000000 ---p 00000000 00:00 0 
7fe704000000-7fe704021000 rw-p 00000000 00:00 0 
7fe704021000-7fe708000000 ---p 00000000 00:00 0 
7fe708000000-7fe708021000 rw-p 00000000 00:00 0 
7fe708021000-7fe70c000000 ---p 00000000 00:00 0 
7fe70c000000-7fe70c021000 rw-p 00000000 00:00 0 
7fe70c021000-7fe710000000 ---p 00000000 00:00 0 
7fe710000000-7fe710100000 rw-p 00000000 00:00 0 
7fe710100000-7fe710200000 rw-p 00000000 00:00 0 
7fe710200000-7fe710500000 rw-p 00000000 00:00 0 
7fe710500000-7fe710600000 rw-p 00000000 00:00 0 
7fe710600000-7fe710800000 rw-p 00000000 00:00 0 
7fe711200000-7fe711210000 r-xp 00000000 00:18a0 355                      /home/runner/.cache/jdt-language-server/config/org.eclipse.equinox.launcher/org.eclipse.equinox.launcher.gtk.linux.x86_64_1.2.400.v20211117-0650/eclipse_11600.so
7fe711210000-7fe71140f000 ---p 00010000 00:18a0 355                      /home/runner/.cache/jdt-language-server/config/org.eclipse.equinox.launcher/org.eclipse.equinox.launcher.gtk.linux.x86_64_1.2.400.v20211117-0650/eclipse_11600.so
7fe71140f000-7fe711410000 r--p 0000f000 00:18a0 355                      /home/runner/.cache/jdt-language-server/config/org.eclipse.equinox.launcher/org.eclipse.equinox.launcher.gtk.linux.x86_64_1.2.400.v20211117-0650/eclipse_11600.so
7fe711410000-7fe711411000 rw-p 00010000 00:18a0 355                      /home/runner/.cache/jdt-language-server/config/org.eclipse.equinox.launcher/org.eclipse.equinox.launcher.gtk.linux.x86_64_1.2.400.v20211117-0650/eclipse_11600.so
7fe712000000-7fe712100000 ---p 00000000 00:00 0 
7fe712100000-7fe7126af000 r--p 01122000 00:18a4 9223372037562577944      /nix/store/gpxl5qgg8kicmcvivwmybwjlpf7wh20l-graalvm17-ce-22.3.0/lib/libjvmcicompiler.so
7fe7126af000-7fe712800000 r--p 00000000 00:00 0 
7fe712800000-7fe71283d000 rw-p 00000000 00:00 0 
7fe71283d000-7fe712d5d000 rw-p 0185f000 00:18a4 9223372037562577944      /nix/store/gpxl5qgg8kicmcvivwmybwjlpf7wh20l-graalvm17-ce-22.3.0/lib/libjvmcicompiler.so
7fe712d5d000-7fe713144000 r--p 01d7f000 00:18a4 9223372037562577944      /nix/store/gpxl5qgg8kicmcvivwmybwjlpf7wh20l-graalvm17-ce-22.3.0/lib/libjvmcicompiler.so
7fe713200000-7fe713204000 ---p 00000000 00:00 0 
7fe713204000-7fe713300000 rw-p 00000000 00:00 0 
7fe713300000-7fe713304000 ---p 00000000 00:00 0 
7fe713304000-7fe713400000 rw-p 00000000 00:00 0 
7fe713500000-7fe713504000 ---p 00000000 00:00 0 
7fe713504000-7fe713600000 rw-p 00000000 00:00 0 
7fe713700000-7fe713704000 ---p 00000000 00:00 0 
7fe713704000-7fe713800000 rw-p 00000000 00:00 0 
7fe713800000-7fe713804000 ---p 00000000 00:00 0 
7fe713804000-7fe713900000 rw-p 00000000 00:00 0 
7fe713900000-7fe713904000 ---p 00000000 00:00 0 
7fe713904000-7fe713a00000 rw-p 00000000 00:00 0 
7fe713b00000-7fe713b04000 ---p 00000000 00:00 0 
7fe713b04000-7fe713c00000 rw-p 00000000 00:00 0 
7fe713d00000-7fe713d04000 ---p 00000000 00:00 0 
7fe713d04000-7fe713e00000 rw-p 00000000 00:00 0 
7fe713f00000-7fe713f04000 ---p 00000000 00:00 0 
7fe713f04000-7fe714000000 rw-p 00000000 00:00 0 
7fe714100000-7fe714104000 ---p 00000000 00:00 0 
7fe714104000-7fe714200000 rw-p 00000000 00:00 0 
7fe714300000-7fe714304000 ---p 00000000 00:00 0 
7fe714304000-7fe714400000 rw-p 00000000 00:00 0 
7fe714500000-7fe714504000 ---p 00000000 00:00 0 
7fe714504000-7fe714600000 rw-p 00000000 00:00 0 
7fe714700000-7fe714704000 ---p 00000000 00:00 0 
7fe714704000-7fe714800000 rw-p 00000000 00:00 0 
7fe714900000-7fe714904000 ---p 00000000 00:00 0 
7fe714904000-7fe714a00000 rw-p 00000000 00:00 0 
7fe715668000-7fe715b00000 rw-p 00000000 00:00 0 
7fe715c00000-7fe717d6a000 r-xp 00000000 00:18a4 9223372037562577944      /nix/store/gpxl5qgg8kicmcvivwmybwjlpf7wh20l-graalvm17-ce-22.3.0/lib/libjvmcicompiler.so
7fe717d6a000-7fe717f69000 ---p 0216a000 00:18a4 9223372037562577944      /nix/store/gpxl5qgg8kicmcvivwmybwjlpf7wh20l-graalvm17-ce-22.3.0/lib/libjvmcicompiler.so
7fe717f69000-7fe717f6a000 r--p 02169000 00:18a4 9223372037562577944      /nix/store/gpxl5qgg8kicmcvivwmybwjlpf7wh20l-graalvm17-ce-22.3.0/lib/libjvmcicompiler.so
7fe717f6a000-7fe717f6c000 rw-p 0216a000 00:18a4 9223372037562577944      /nix/store/gpxl5qgg8kicmcvivwmybwjlpf7wh20l-graalvm17-ce-22.3.0/lib/libjvmcicompiler.so
7fe717f6c000-7fe717f6d000 rw-p 00000000 00:00 0 
7fe717f6d000-7fe717f72000 rw-p 023c3000 00:18a4 9223372037562577944      /nix/store/gpxl5qgg8kicmcvivwmybwjlpf7wh20l-graalvm17-ce-22.3.0/lib/libjvmcicompiler.so
7fe718000000-7fe718021000 rw-p 00000000 00:00 0 
7fe718021000-7fe71c000000 ---p 00000000 00:00 0 
7fe71c000000-7fe71c021000 rw-p 00000000 00:00 0 
7fe71c021000-7fe720000000 ---p 00000000 00:00 0 
7fe720000000-7fe720041000 rw-p 00000000 00:00 0 
7fe720041000-7fe724000000 ---p 00000000 00:00 0 
7fe724000000-7fe724021000 rw-p 00000000 00:00 0 
7fe724021000-7fe728000000 ---p 00000000 00:00 0 
7fe728000000-7fe7280f8000 rw-p 00000000 00:00 0 
7fe7280f8000-7fe72c000000 ---p 00000000 00:00 0 
7fe72c000000-7fe72c80a000 rw-p 00000000 00:00 0 
7fe72c80a000-7fe730000000 ---p 00000000 00:00 0 
7fe730000000-7fe730021000 rw-p 00000000 00:00 0 
7fe730021000-7fe734000000 ---p 00000000 00:00 0 
7fe734000000-7fe734021000 rw-p 00000000 00:00 0 
7fe734021000-7fe738000000 ---p 00000000 00:00 0 
7fe738000000-7fe738021000 rw-p 00000000 00:00 0 
7fe738021000-7fe73c000000 ---p 00000000 00:00 0 
7fe73c000000-7fe73c021000 rw-p 00000000 00:00 0 
7fe73c021000-7fe740000000 ---p 00000000 00:00 0 
7fe740000000-7fe740021000 rw-p 00000000 00:00 0 
7fe740021000-7fe744000000 ---p 00000000 00:00 0 
7fe744000000-7fe744021000 rw-p 00000000 00:00 0 
7fe744021000-7fe748000000 ---p 00000000 00:00 0 
7fe748000000-7fe748055000 rw-p 00000000 00:00 0 
7fe748055000-7fe74c000000 ---p 00000000 00:00 0 
7fe74c000000-7fe74c004000 ---p 00000000 00:00 0 
7fe74c004000-7fe74c100000 rw-p 00000000 00:00 0 
7fe74c200000-7fe74c204000 ---p 00000000 00:00 0 
7fe74c204000-7fe74c300000 rw-p 00000000 00:00 0 
7fe74c400000-7fe74c404000 ---p 00000000 00:00 0 
7fe74c404000-7fe74c500000 rw-p 00000000 00:00 0 
7fe74c618000-7fe74c619000 ---p 00000000 00:00 0 
7fe74c619000-7fe74c71a000 rw-p 00000000 00:00 0 
7fe74c71a000-7fe74c71e000 ---p 00000000 00:00 0 
7fe74c71e000-7fe74c81a000 rw-p 00000000 00:00 0 
7fe74c81a000-7fe74c81e000 ---p 00000000 00:00 0 
7fe74c81e000-7fe74c91a000 rw-p 00000000 00:00 0 
7fe74c91a000-7fe74c91e000 ---p 00000000 00:00 0 
7fe74c91e000-7fe74ca1a000 rw-p 00000000 00:00 0 
7fe74ca1a000-7fe74ca1e000 ---p 00000000 00:00 0 
7fe74ca1e000-7fe74cc1a000 rw-p 00000000 00:00 0 
7fe74cc1a000-7fe74cc1e000 ---p 00000000 00:00 0 
7fe74cc1e000-7fe74ce1a000 rw-p 00000000 00:00 0 
7fe74ce1a000-7fe74ce1e000 ---p 00000000 00:00 0 
7fe74ce1e000-7fe74cf1a000 rw-p 00000000 00:00 0 
7fe74cf1a000-7fe74cf1e000 ---p 00000000 00:00 0 
7fe74cf1e000-7fe74d01a000 rw-p 00000000 00:00 0 
7fe74d01a000-7fe74d01e000 ---p 00000000 00:00 0 
7fe74d01e000-7fe74d11a000 rw-p 00000000 00:00 0 
7fe74d11a000-7fe74d400000 r--p 00000000 00:15fe 28444448                 /usr/lib/locale/locale-archive
7fe74d400000-7fe74d800000 rw-p 00000000 00:00 0 
7fe74d800000-7fe74db00000 rw-p 00000000 00:00 0 
7fe74db00000-7fe74dc00000 rw-p 00000000 00:00 0 
7fe74dc6f000-7fe74dc73000 ---p 00000000 00:00 0 
7fe74dc73000-7fe74dc91000 rw-p 00000000 00:00 0 
7fe74dc91000-7fe74dca6000 r-xp 00000000 00:18a4 9223372037562580474      /nix/store/gpxl5qgg8kicmcvivwmybwjlpf7wh20l-graalvm17-ce-22.3.0/lib/libnet.so
7fe74dca6000-7fe74dca7000 ---p 00015000 00:18a4 9223372037562580474      /nix/store/gpxl5qgg8kicmcvivwmybwjlpf7wh20l-graalvm17-ce-22.3.0/lib/libnet.so
7fe74dca7000-7fe74dca8000 r--p 00015000 00:18a4 9223372037562580474      /nix/store/gpxl5qgg8kicmcvivwmybwjlpf7wh20l-graalvm17-ce-22.3.0/lib/libnet.so
7fe74dca8000-7fe74dca9000 rw-p 00016000 00:18a4 9223372037562580474      /nix/store/gpxl5qgg8kicmcvivwmybwjlpf7wh20l-graalvm17-ce-22.3.0/lib/libnet.so
7fe74dca9000-7fe74dcac000 rw-p 0001b000 00:18a4 9223372037562580474      /nix/store/gpxl5qgg8kicmcvivwmybwjlpf7wh20l-graalvm17-ce-22.3.0/lib/libnet.so
7fe74dcac000-7fe74dcb0000 ---p 00000000 00:00 0 
7fe74dcb0000-7fe74ddac000 rw-p 00000000 00:00 0 
7fe74ddac000-7fe74ddb0000 ---p 00000000 00:00 0 
7fe74ddb0000-7fe74deac000 rw-p 00000000 00:00 0 
7fe74deac000-7fe74dead000 ---p 00000000 00:00 0 
7fe74dead000-7fe74f4b3000 rw-p 00000000 00:00 0 
7fe74f4b3000-7fe74f723000 rwxp 00000000 00:00 0 
7fe74f723000-7fe74fa42000 ---p 00000000 00:00 0 
7fe74fa42000-7fe750722000 rwxp 00000000 00:00 0 
7fe750722000-7fe756f7a000 ---p 00000000 00:00 0 
7fe756f7a000-7fe7571fa000 rwxp 00000000 00:00 0 
7fe7571fa000-7fe75e4b3000 ---p 00000000 00:00 0 
7fe75e4b3000-7fe768000000 r--s 00000000 00:18a4 9223372037562580485      /nix/store/gpxl5qgg8kicmcvivwmybwjlpf7wh20l-graalvm17-ce-22.3.0/lib/modules
7fe768000000-7fe76861a000 rw-p 00000000 00:00 0 
7fe76861a000-7fe76c000000 ---p 00000000 00:00 0 
7fe76c004000-7fe76c006000 r-xp 00000000 00:18a4 9223372037562577921      /nix/store/gpxl5qgg8kicmcvivwmybwjlpf7wh20l-graalvm17-ce-22.3.0/lib/libextnet.so
7fe76c006000-7fe76c007000 r--p 00001000 00:18a4 9223372037562577921      /nix/store/gpxl5qgg8kicmcvivwmybwjlpf7wh20l-graalvm17-ce-22.3.0/lib/libextnet.so
7fe76c007000-7fe76c008000 rw-p 00002000 00:18a4 9223372037562577921      /nix/store/gpxl5qgg8kicmcvivwmybwjlpf7wh20l-graalvm17-ce-22.3.0/lib/libextnet.so
7fe76c008000-7fe76c009000 rw-p 00004000 00:18a4 9223372037562577921      /nix/store/gpxl5qgg8kicmcvivwmybwjlpf7wh20l-graalvm17-ce-22.3.0/lib/libextnet.so
7fe76c009000-7fe76c010000 r-xp 00000000 00:18a4 9223372037562580484      /nix/store/gpxl5qgg8kicmcvivwmybwjlpf7wh20l-graalvm17-ce-22.3.0/lib/libzip.so
7fe76c010000-7fe76c011000 ---p 00007000 00:18a4 9223372037562580484      /nix/store/gpxl5qgg8kicmcvivwmybwjlpf7wh20l-graalvm17-ce-22.3.0/lib/libzip.so
7fe76c011000-7fe76c012000 r--p 00007000 00:18a4 9223372037562580484      /nix/store/gpxl5qgg8kicmcvivwmybwjlpf7wh20l-graalvm17-ce-22.3.0/lib/libzip.so
7fe76c012000-7fe76c013000 rw-p 00008000 00:18a4 9223372037562580484      /nix/store/gpxl5qgg8kicmcvivwmybwjlpf7wh20l-graalvm17-ce-22.3.0/lib/libzip.so
7fe76c013000-7fe76c015000 rw-p 0000b000 00:18a4 9223372037562580484      /nix/store/gpxl5qgg8kicmcvivwmybwjlpf7wh20l-graalvm17-ce-22.3.0/lib/libzip.so
7fe76c015000-7fe76c028000 r-xp 00000000 00:18a4 9223372037562580475      /nix/store/gpxl5qgg8kicmcvivwmybwjlpf7wh20l-graalvm17-ce-22.3.0/lib/libnio.so
7fe76c028000-7fe76c029000 r--p 00012000 00:18a4 9223372037562580475      /nix/store/gpxl5qgg8kicmcvivwmybwjlpf7wh20l-graalvm17-ce-22.3.0/lib/libnio.so
7fe76c029000-7fe76c02a000 rw-p 00013000 00:18a4 9223372037562580475      /nix/store/gpxl5qgg8kicmcvivwmybwjlpf7wh20l-graalvm17-ce-22.3.0/lib/libnio.so
7fe76c02a000-7fe76c02f000 rw-p 00019000 00:18a4 9223372037562580475      /nix/store/gpxl5qgg8kicmcvivwmybwjlpf7wh20l-graalvm17-ce-22.3.0/lib/libnio.so
7fe76c02f000-7fe76c0fd000 r-xp 00000000 00:18a4 9223372037562577940      /nix/store/gpxl5qgg8kicmcvivwmybwjlpf7wh20l-graalvm17-ce-22.3.0/lib/libjsvml.so
7fe76c0fd000-7fe76c0fe000 r--p 000cd000 00:18a4 9223372037562577940      /nix/store/gpxl5qgg8kicmcvivwmybwjlpf7wh20l-graalvm17-ce-22.3.0/lib/libjsvml.so
7fe76c0fe000-7fe76c0ff000 rw-p 000ce000 00:18a4 9223372037562577940      /nix/store/gpxl5qgg8kicmcvivwmybwjlpf7wh20l-graalvm17-ce-22.3.0/lib/libjsvml.so
7fe76c0ff000-7fe76c4d2000 rw-p 00000000 00:00 0 
7fe76c4d2000-7fe76c4d3000 ---p 00000000 00:00 0 
7fe76c4d3000-7fe76c67e000 rw-p 00000000 00:00 0 
7fe76c67e000-7fe76c69d000 rw-p 00000000 00:00 0 
7fe76c69d000-7fe76c6d4000 ---p 00000000 00:00 0 
7fe76c6d4000-7fe76c6da000 rw-p 00000000 00:00 0 
7fe76c6da000-7fe76c7c0000 ---p 00000000 00:00 0 
7fe76c7c0000-7fe76c7da000 rw-p 00000000 00:00 0 
7fe76c7da000-7fe76c8ab000 ---p 00000000 00:00 0 
7fe76c8ab000-7fe76c8b0000 rw-p 00000000 00:00 0 
7fe76c8b0000-7fe76c8b7000 ---p 00000000 00:00 0 
7fe76c8b7000-7fe76c8db000 r-xp 00000000 00:18a4 9223372037562577932      /nix/store/gpxl5qgg8kicmcvivwmybwjlpf7wh20l-graalvm17-ce-22.3.0/lib/libjava.so
7fe76c8db000-7fe76c8dc000 ---p 00024000 00:18a4 9223372037562577932      /nix/store/gpxl5qgg8kicmcvivwmybwjlpf7wh20l-graalvm17-ce-22.3.0/lib/libjava.so
7fe76c8dc000-7fe76c8dd000 r--p 00024000 00:18a4 9223372037562577932      /nix/store/gpxl5qgg8kicmcvivwmybwjlpf7wh20l-graalvm17-ce-22.3.0/lib/libjava.so
7fe76c8dd000-7fe76c8de000 rw-p 00025000 00:18a4 9223372037562577932      /nix/store/gpxl5qgg8kicmcvivwmybwjlpf7wh20l-graalvm17-ce-22.3.0/lib/libjava.so
7fe76c8de000-7fe76c8df000 rw-p 00000000 00:00 0 
7fe76c8df000-7fe76c8e6000 rw-p 0002f000 00:18a4 9223372037562577932      /nix/store/gpxl5qgg8kicmcvivwmybwjlpf7wh20l-graalvm17-ce-22.3.0/lib/libjava.so
7fe76c8e6000-7fe76c8ee000 rw-s 00000000 00:28f 352                       /tmp/hsperfdata_runner/25
7fe76c8ee000-7fe76c8ef000 ---p 00000000 00:00 0 
7fe76c8ef000-7fe76c8f0000 r--p 00000000 00:00 0 
7fe76c8f0000-7fe76c8f1000 rwxp 00000000 00:00 0 
7fe76c8f1000-7fe76c90c000 r-xp 00000000 00:18a4 9223372037562577936      /nix/store/gpxl5qgg8kicmcvivwmybwjlpf7wh20l-graalvm17-ce-22.3.0/lib/libjimage.so
7fe76c90c000-7fe76c90d000 ---p 0001b000 00:18a4 9223372037562577936      /nix/store/gpxl5qgg8kicmcvivwmybwjlpf7wh20l-graalvm17-ce-22.3.0/lib/libjimage.so
7fe76c90d000-7fe76c90f000 r--p 0001b000 00:18a4 9223372037562577936      /nix/store/gpxl5qgg8kicmcvivwmybwjlpf7wh20l-graalvm17-ce-22.3.0/lib/libjimage.so
7fe76c90f000-7fe76c910000 rw-p 0001d000 00:18a4 9223372037562577936      /nix/store/gpxl5qgg8kicmcvivwmybwjlpf7wh20l-graalvm17-ce-22.3.0/lib/libjimage.so
7fe76c910000-7fe76c911000 rw-p 00024000 00:18a4 9223372037562577936      /nix/store/gpxl5qgg8kicmcvivwmybwjlpf7wh20l-graalvm17-ce-22.3.0/lib/libjimage.so
7fe76c911000-7fe76c915000 ---p 00000000 00:00 0 
7fe76c915000-7fe76ca11000 rw-p 00000000 00:00 0 
7fe76ca11000-7fe76ca1f000 r--p 00000000 00:18a4 9223372037455367831      /nix/store/4nlgxhb09sdr51nc9hdm8az5b08vzkgx-glibc-2.35-163/lib/libm.so.6
7fe76ca1f000-7fe76ca92000 r-xp 0000e000 00:18a4 9223372037455367831      /nix/store/4nlgxhb09sdr51nc9hdm8az5b08vzkgx-glibc-2.35-163/lib/libm.so.6
7fe76ca92000-7fe76caef000 r--p 00081000 00:18a4 9223372037455367831      /nix/store/4nlgxhb09sdr51nc9hdm8az5b08vzkgx-glibc-2.35-163/lib/libm.so.6
7fe76caef000-7fe76caf0000 r--p 000dd000 00:18a4 9223372037455367831      /nix/store/4nlgxhb09sdr51nc9hdm8az5b08vzkgx-glibc-2.35-163/lib/libm.so.6
7fe76caf0000-7fe76caf1000 rw-p 000de000 00:18a4 9223372037455367831      /nix/store/4nlgxhb09sdr51nc9hdm8az5b08vzkgx-glibc-2.35-163/lib/libm.so.6
7fe76caf1000-7fe76caf2000 r--p 00000000 00:18a4 9223372037455367850      /nix/store/4nlgxhb09sdr51nc9hdm8az5b08vzkgx-glibc-2.35-163/lib/librt.so.1
7fe76caf2000-7fe76caf3000 r-xp 00001000 00:18a4 9223372037455367850      /nix/store/4nlgxhb09sdr51nc9hdm8az5b08vzkgx-glibc-2.35-163/lib/librt.so.1
7fe76caf3000-7fe76caf4000 r--p 00002000 00:18a4 9223372037455367850      /nix/store/4nlgxhb09sdr51nc9hdm8az5b08vzkgx-glibc-2.35-163/lib/librt.so.1
7fe76caf4000-7fe76caf5000 r--p 00002000 00:18a4 9223372037455367850      /nix/store/4nlgxhb09sdr51nc9hdm8az5b08vzkgx-glibc-2.35-163/lib/librt.so.1
7fe76caf5000-7fe76caf6000 rw-p 00003000 00:18a4 9223372037455367850      /nix/store/4nlgxhb09sdr51nc9hdm8az5b08vzkgx-glibc-2.35-163/lib/librt.so.1
7fe76caf6000-7fe76dc09000 r-xp 00000000 00:18a4 9223372037562748770      /nix/store/gpxl5qgg8kicmcvivwmybwjlpf7wh20l-graalvm17-ce-22.3.0/lib/server/libjvm.so
7fe76dc09000-7fe76dc0a000 ---p 01113000 00:18a4 9223372037562748770      /nix/store/gpxl5qgg8kicmcvivwmybwjlpf7wh20l-graalvm17-ce-22.3.0/lib/server/libjvm.so
7fe76dc0a000-7fe76dcbf000 r--p 01113000 00:18a4 9223372037562748770      /nix/store/gpxl5qgg8kicmcvivwmybwjlpf7wh20l-graalvm17-ce-22.3.0/lib/server/libjvm.so
7fe76dcbf000-7fe76dcf3000 rw-p 011c8000 00:18a4 9223372037562748770      /nix/store/gpxl5qgg8kicmcvivwmybwjlpf7wh20l-graalvm17-ce-22.3.0/lib/server/libjvm.so
7fe76dcf3000-7fe76dd4f000 rw-p 00000000 00:00 0 
7fe76dd4f000-7fe76dd77000 r--p 00000000 00:18a4 9223372037455367822      /nix/store/4nlgxhb09sdr51nc9hdm8az5b08vzkgx-glibc-2.35-163/lib/libc.so.6
7fe76dd77000-7fe76deed000 r-xp 00028000 00:18a4 9223372037455367822      /nix/store/4nlgxhb09sdr51nc9hdm8az5b08vzkgx-glibc-2.35-163/lib/libc.so.6
7fe76deed000-7fe76df45000 r--p 0019e000 00:18a4 9223372037455367822      /nix/store/4nlgxhb09sdr51nc9hdm8az5b08vzkgx-glibc-2.35-163/lib/libc.so.6
7fe76df45000-7fe76df49000 r--p 001f6000 00:18a4 9223372037455367822      /nix/store/4nlgxhb09sdr51nc9hdm8az5b08vzkgx-glibc-2.35-163/lib/libc.so.6
7fe76df49000-7fe76df4b000 rw-p 001fa000 00:18a4 9223372037455367822      /nix/store/4nlgxhb09sdr51nc9hdm8az5b08vzkgx-glibc-2.35-163/lib/libc.so.6
7fe76df4b000-7fe76df5a000 rw-p 00000000 00:00 0 
7fe76df5a000-7fe76df5b000 r--p 00000000 00:18a4 9223372037455367827      /nix/store/4nlgxhb09sdr51nc9hdm8az5b08vzkgx-glibc-2.35-163/lib/libdl.so.2
7fe76df5b000-7fe76df5c000 r-xp 00001000 00:18a4 9223372037455367827      /nix/store/4nlgxhb09sdr51nc9hdm8az5b08vzkgx-glibc-2.35-163/lib/libdl.so.2
7fe76df5c000-7fe76df5d000 r--p 00002000 00:18a4 9223372037455367827      /nix/store/4nlgxhb09sdr51nc9hdm8az5b08vzkgx-glibc-2.35-163/lib/libdl.so.2
7fe76df5d000-7fe76df5e000 r--p 00002000 00:18a4 9223372037455367827      /nix/store/4nlgxhb09sdr51nc9hdm8az5b08vzkgx-glibc-2.35-163/lib/libdl.so.2
7fe76df5e000-7fe76df5f000 rw-p 00003000 00:18a4 9223372037455367827      /nix/store/4nlgxhb09sdr51nc9hdm8az5b08vzkgx-glibc-2.35-163/lib/libdl.so.2
7fe76df5f000-7fe76df60000 r--p 00000000 00:18a4 9223372037455367846      /nix/store/4nlgxhb09sdr51nc9hdm8az5b08vzkgx-glibc-2.35-163/lib/libpthread.so.0
7fe76df60000-7fe76df61000 r-xp 00001000 00:18a4 9223372037455367846      /nix/store/4nlgxhb09sdr51nc9hdm8az5b08vzkgx-glibc-2.35-163/lib/libpthread.so.0
7fe76df61000-7fe76df62000 r--p 00002000 00:18a4 9223372037455367846      /nix/store/4nlgxhb09sdr51nc9hdm8az5b08vzkgx-glibc-2.35-163/lib/libpthread.so.0
7fe76df62000-7fe76df63000 r--p 00002000 00:18a4 9223372037455367846      /nix/store/4nlgxhb09sdr51nc9hdm8az5b08vzkgx-glibc-2.35-163/lib/libpthread.so.0
7fe76df63000-7fe76df64000 rw-p 00003000 00:18a4 9223372037455367846      /nix/store/4nlgxhb09sdr51nc9hdm8az5b08vzkgx-glibc-2.35-163/lib/libpthread.so.0
7fe76df64000-7fe76df72000 r-xp 00000000 00:18a4 9223372037562577937      /nix/store/gpxl5qgg8kicmcvivwmybwjlpf7wh20l-graalvm17-ce-22.3.0/lib/libjli.so
7fe76df72000-7fe76df73000 ---p 0000e000 00:18a4 9223372037562577937      /nix/store/gpxl5qgg8kicmcvivwmybwjlpf7wh20l-graalvm17-ce-22.3.0/lib/libjli.so
7fe76df73000-7fe76df74000 r--p 0000e000 00:18a4 9223372037562577937      /nix/store/gpxl5qgg8kicmcvivwmybwjlpf7wh20l-graalvm17-ce-22.3.0/lib/libjli.so
7fe76df74000-7fe76df75000 rw-p 0000f000 00:18a4 9223372037562577937      /nix/store/gpxl5qgg8kicmcvivwmybwjlpf7wh20l-graalvm17-ce-22.3.0/lib/libjli.so
7fe76df75000-7fe76df76000 rw-p 00012000 00:18a4 9223372037562577937      /nix/store/gpxl5qgg8kicmcvivwmybwjlpf7wh20l-graalvm17-ce-22.3.0/lib/libjli.so
7fe76df76000-7fe76df79000 r--p 00000000 00:18a4 9223372037533597975      /nix/store/026hln0aq1hyshaxsdvhg0kmcm6yf45r-zlib-1.2.13/lib/libz.so.1.2.13
7fe76df79000-7fe76df8b000 r-xp 00003000 00:18a4 9223372037533597975      /nix/store/026hln0aq1hyshaxsdvhg0kmcm6yf45r-zlib-1.2.13/lib/libz.so.1.2.13
7fe76df8b000-7fe76df92000 r--p 00015000 00:18a4 9223372037533597975      /nix/store/026hln0aq1hyshaxsdvhg0kmcm6yf45r-zlib-1.2.13/lib/libz.so.1.2.13
7fe76df92000-7fe76df93000 r--p 0001b000 00:18a4 9223372037533597975      /nix/store/026hln0aq1hyshaxsdvhg0kmcm6yf45r-zlib-1.2.13/lib/libz.so.1.2.13
7fe76df93000-7fe76df94000 rw-p 0001c000 00:18a4 9223372037533597975      /nix/store/026hln0aq1hyshaxsdvhg0kmcm6yf45r-zlib-1.2.13/lib/libz.so.1.2.13
7fe76df94000-7fe76df96000 rw-p 00000000 00:00 0 
7fe76df96000-7fe76df98000 r--p 00000000 00:18a4 9223372037455367816      /nix/store/4nlgxhb09sdr51nc9hdm8az5b08vzkgx-glibc-2.35-163/lib/ld-linux-x86-64.so.2
7fe76df98000-7fe76dfbf000 r-xp 00002000 00:18a4 9223372037455367816      /nix/store/4nlgxhb09sdr51nc9hdm8az5b08vzkgx-glibc-2.35-163/lib/ld-linux-x86-64.so.2
7fe76dfbf000-7fe76dfcb000 r--p 00029000 00:18a4 9223372037455367816      /nix/store/4nlgxhb09sdr51nc9hdm8az5b08vzkgx-glibc-2.35-163/lib/ld-linux-x86-64.so.2
7fe76dfcb000-7fe76dfcd000 r--p 00034000 00:18a4 9223372037455367816      /nix/store/4nlgxhb09sdr51nc9hdm8az5b08vzkgx-glibc-2.35-163/lib/ld-linux-x86-64.so.2
7fe76dfcd000-7fe76dfcf000 rw-p 00036000 00:18a4 9223372037455367816      /nix/store/4nlgxhb09sdr51nc9hdm8az5b08vzkgx-glibc-2.35-163/lib/ld-linux-x86-64.so.2
7ffd5ad55000-7ffd5ad79000 rw-p 00000000 00:00 0                          [stack]
7ffd5adcc000-7ffd5add0000 r--p 00000000 00:00 0                          [vvar]
7ffd5add0000-7ffd5add2000 r-xp 00000000 00:00 0                          [vdso]
ffffffffff600000-ffffffffff601000 --xp 00000000 00:00 0                  [vsyscall]


VM Arguments:
jvm_args: -XX:ThreadPriorityPolicy=1 -XX:+UnlockExperimentalVMOptions -XX:+EnableJVMCIProduct -XX:JVMCIThreadsPerNativeLibraryRuntime=1 -XX:-UnlockExperimentalVMOptions -Declipse.application=org.eclipse.jdt.ls.core.id1 -Dosgi.bundles.defaultStartLevel=4 -Declipse.product=org.eclipse.jdt.ls.core.product -Dlog.level=ALL -Xverify:none -XX:+UseParallelGC -XX:GCTimeRatio=4 -XX:AdaptiveSizePolicyWeight=90 -Dsun.zip.disableMemoryMapping=true -Xmx512m -Xms100m 
java_command: /nix/store/m6gcpi1ii6rghy04cjwjddcavv7i90df-jdt-language-server-1.9.0/share/java/plugins/org.eclipse.equinox.launcher_1.6.400.v20210924-0641.jar --add-modules=ALL-SYSTEM --add-opens java.base/java.util=ALL-UNNAMED --add-opens java.base/java.lang=ALL-UNNAMED -configuration /home/runner/.cache/jdt-language-server/config -data /home/runner/.cache/jdt-language-server/data/home/runner/ParImpar
java_class_path (initial): /nix/store/m6gcpi1ii6rghy04cjwjddcavv7i90df-jdt-language-server-1.9.0/share/java/plugins/org.eclipse.equinox.launcher_1.6.400.v20210924-0641.jar
Launcher Type: SUN_STANDARD

[Global flags]
    uintx AdaptiveSizePolicyWeight                 = 90                                        {product} {command line}
     intx CICompilerCount                          = 2                                         {product} {ergonomic}
     bool EnableJVMCIProduct                       = true                                {JVMCI product} {jimage}
    uintx GCTimeRatio                              = 4                                         {product} {command line}
   size_t InitialHeapSize                          = 104857600                                 {product} {command line}
     uint JVMCIThreadsPerNativeLibraryRuntime      = 1                                   {JVMCI product} {jimage}
   size_t MaxHeapSize                              = 536870912                                 {product} {command line}
   size_t MaxNewSize                               = 178782208                                 {product} {ergonomic}
   size_t MinHeapDeltaBytes                        = 524288                                    {product} {ergonomic}
   size_t MinHeapSize                              = 104857600                                 {product} {command line}
   size_t NewSize                                  = 34603008                                  {product} {ergonomic}
    uintx NonNMethodCodeHeapSize                   = 5826188                                {pd product} {ergonomic}
    uintx NonProfiledCodeHeapSize                  = 122916026                              {pd product} {ergonomic}
   size_t OldSize                                  = 70254592                                  {product} {ergonomic}
    uintx ProfiledCodeHeapSize                     = 122916026                              {pd product} {ergonomic}
    uintx ReservedCodeCacheSize                    = 251658240                              {pd product} {ergonomic}
     bool SegmentedCodeCache                       = true                                      {product} {ergonomic}
   size_t SoftMaxHeapSize                          = 536870912                              {manageable} {ergonomic}
     intx ThreadPriorityPolicy                     = 1                                         {product} {jimage}
     bool UseCompressedClassPointers               = true                           {product lp64_product} {ergonomic}
     bool UseCompressedOops                        = true                           {product lp64_product} {ergonomic}
     bool UseParallelGC                            = true                                      {product} {command line}

Logging:
Log output configuration:
 #0: stdout all=warning uptime,level,tags
 #1: stderr all=off uptime,level,tags

Environment Variables:
JAVA_HOME=/nix/store/gpxl5qgg8kicmcvivwmybwjlpf7wh20l-graalvm17-ce-22.3.0
PATH=/nix/store/1d6ian3r8kdzspw8hacjhl3xkp40g1lj-binutils-wrapper-2.39/bin:/nix/store/dq0xwmsk1g0i2ayg6pb7y87na2knzylh-gcc-wrapper-11.3.0/bin:/nix/store/bap4d0lpcrhpwmpb8ayjcgkmvfj62lnq-bash-interactive-5.1-p16/bin:/nix/store/pr5n59mb4jzmfx6kanwxly0l07p861fg-patchelf-0.15.0/bin:/nix/store/1gf2flfqnpqbr1b4p4qz2f72y42bs56r-gcc-11.3.0/bin:/nix/store/57xv61c5zi8pphjbcwxxjlgc34p61ic9-glibc-2.35-163-bin/bin:/nix/store/a7gvj343m05j2s32xcnwr35v31ynlypr-coreutils-9.1/bin:/nix/store/039g378vc3pc3dvi9dzdlrd0i4q93qwf-binutils-2.39/bin:/nix/store/gpxl5qgg8kicmcvivwmybwjlpf7wh20l-graalvm17-ce-22.3.0/bin:/nix/store/6z9ag3ihc8mq2hzsw48lhbznvzny65nz-apache-maven-3.8.6/bin:/nix/store/m6gcpi1ii6rghy04cjwjddcavv7i90df-jdt-language-server-1.9.0/bin:/nix/store/84xs5alhs01zrbr4ywm05kxbjbp5590l-java-debug/bin:/nix/store/mydc6f4k2z73xlcz7ilif3v2lcaiqvza-findutils-4.9.0/bin:/nix/store/j9p3g8472iijd50vhdprx0nmk2fqn5gv-diffutils-3.8/bin:/nix/store/89zs7rms6x00xfq4dq6m7mjnhkr8a6r4-gnused-4.8/bin:/nix/store/86bp03jkmsl6f92w0yzg4s59g5mhxwmy-gnugrep-3.7/bin:/nix/store/hwcdqw4jrjnd37wxqgsd47hd0j8bnj09-gawk-5.1.1/bin:/nix/store/cfbhw8r8ags41vwqaz47r583d0p4h4a1-gnutar-1.34/bin:/nix/store/p3m1ndl1lapwrlh698bnb5lvvxh67378-gzip-1.12/bin:/nix/store/a8mhcagrsly7c7mpjrpsnaahk4aax056-bzip2-1.0.8-bin/bin:/nix/store/mblgz65m3zv9x548a3d5m96fj2pbwr09-gnumake-4.3/bin:/nix/store/dsd5gz46hdbdk2rfdimqddhq6m8m8fqs-bash-5.1-p16/bin:/nix/store/v7ljksji50mg3w61dykaa3n3y79n6nil-patch-2.7.6/bin:/nix/store/zlcnmqq14jz5x9439jf937mvayyl63da-xz-5.2.7-bin/bin:/nix/store/y6aj732zm9m87c82fpvf103a1xb22blp-file-5.43/bin:/nix/store/sgqd0ajghcv2axfl1lad0b1alyavp0dc-prybar-elisp-0.0.0-67f7a00/bin:/nix/store/p3hsvljpgs68jqwar41lc0jqhjj734lf-prybar-lua-0.0.0-67f7a00/bin:/nix/store/qzxs2gybds3s9kb1vkaflpgm2nwr85fh-prybar-python3-0.0.0-67f7a00/bin:/nix/store/km94z9mxp8w4m8gxxp5mbfpdf3nkfvd8-prybar-sqlite-0.0.0-67f7a00/bin:/nix/store/2pnc7b76asw0z59c4l6h6qy8arwqrii1-prybar-tcl-0.0.0-67f7a00/bin:/nix/store/hpbvrlwd5viqmvcaisb3x0118i913a9n-st
LD_LIBRARY_PATH=/nix/store/a4pff549sk2idnkpzk5nsfps3mdkdnvm-cups-2.4.2-lib/lib:/nix/store/72mqxxhh3cy5yifh92wh2yb8cl2hikyy-cairo-1.16.0/lib:/nix/store/2k366jrbsra97gjfxwvrhvixjfxdach5-glib-2.74.1/lib:/nix/store/2j2znigd8ak37rlwh9khz0ry3clqlw1l-gtk+3-3.24.34/lib:/nix/store/hisqvx32cd57apbpcsnkpx6k3549wql1-libglvnd-1.4.0/lib:/nix/store/p36pgcv991mq5srvg765b78yqpxvk3qs-mesa-21.3.3-drivers/lib:/nix/store/mav4251if1ahjq5vkpwycyyvnmy459c4-pulseaudio-14.2/lib
DISPLAY=:0
LANG=en_US.UTF-8

Signal Handlers:
   SIGSEGV: crash_handler in libjvm.so, mask=11100100010111111101111111111110, flags=SA_RESTART|SA_SIGINFO
    SIGBUS: crash_handler in libjvm.so, mask=11100100010111111101111111111110, flags=SA_RESTART|SA_SIGINFO
    SIGFPE: crash_handler in libjvm.so, mask=11100100010111111101111111111110, flags=SA_RESTART|SA_SIGINFO
   SIGPIPE: IsolateEnterStub_IgnoreSIGPIPEStartupHook_noopSignalHandler_8f19bff2f35b5f630d83b364d6b2339320d4ec70_216e8361c6bc87a8f89f58cc10d3b2fd4415bf87 in libjvmcicompiler.so, mask=00000000000000000000000000000000, flags=SA_RESTART
  *** Handler was modified!
  *** Expected: javaSignalHandler in libjvm.so, mask=11100100110111111111111111111110, flags=SA_RESTART|SA_SIGINFO
   SIGXFSZ: javaSignalHandler in libjvm.so, mask=11100100010111111101111111111110, flags=SA_RESTART|SA_SIGINFO
    SIGILL: crash_handler in libjvm.so, mask=11100100010111111101111111111110, flags=SA_RESTART|SA_SIGINFO
   SIGUSR2: SR_handler in libjvm.so, mask=00000000000000000000000000000000, flags=SA_RESTART|SA_SIGINFO
    SIGHUP: UserHandler in libjvm.so, mask=11100100010111111101111111111110, flags=SA_RESTART|SA_SIGINFO
    SIGINT: UserHandler in libjvm.so, mask=11100100010111111101111111111110, flags=SA_RESTART|SA_SIGINFO
   SIGTERM: UserHandler in libjvm.so, mask=11100100010111111101111111111110, flags=SA_RESTART|SA_SIGINFO
   SIGQUIT: UserHandler in libjvm.so, mask=11100100010111111101111111111110, flags=SA_RESTART|SA_SIGINFO
  *** Handler was modified!
  *** Expected: javaSignalHandler in libjvm.so, mask=11100100110111111111111111111110, flags=SA_RESTART|SA_SIGINFO
   SIGTRAP: crash_handler in libjvm.so, mask=11100100010111111101111111111110, flags=SA_RESTART|SA_SIGINFO


---------------  S Y S T E M  ---------------

OS:
DISTRIB_ID=Ubuntu
DISTRIB_RELEASE=20.04
DISTRIB_CODENAME=focal
DISTRIB_DESCRIPTION="Ubuntu 20.04.2 LTS"
uname: Linux 5.15.0-1025-gcp #32~20.04.2-Ubuntu SMP Tue Nov 29 08:31:04 UTC 2022 x86_64
OS uptime: 0 days 3:07 hours
libc: glibc 2.35 NPTL 2.35 
rlimit (soft/hard): STACK 8192k/infinity , CORE infinity/infinity , NPROC infinity/infinity , NOFILE 5242/5242 , AS infinity/infinity , CPU infinity/infinity , DATA infinity/infinity , FSIZE infinity/infinity , MEMLOCK 64k/64k
load average: 22.44 17.21 16.93

/proc/meminfo:
MemTotal:       65852728 kB
MemFree:        19967168 kB
MemAvailable:   46805248 kB
Buffers:         1612656 kB
Cached:         23930200 kB
SwapCached:            0 kB
Active:          8211236 kB
Inactive:       33032664 kB
Active(anon):      15040 kB
Inactive(anon): 15116944 kB
Active(file):    8196196 kB
Inactive(file): 17915720 kB
Unevictable:       43016 kB
Mlocked:           43016 kB
SwapTotal:             0 kB
SwapFree:              0 kB
Dirty:              8508 kB
Writeback:             0 kB
AnonPages:      14958024 kB
Mapped:          1798784 kB
Shmem:             45744 kB
KReclaimable:    1452764 kB
Slab:            3595520 kB
SReclaimable:    1452764 kB
SUnreclaim:      2142756 kB
KernelStack:      405456 kB
PageTables:       159888 kB
NFS_Unstable:          0 kB
Bounce:                0 kB
WritebackTmp:          0 kB
CommitLimit:    32926364 kB
Committed_AS:   74843816 kB
VmallocTotal:   34359738367 kB
VmallocUsed:      455756 kB
VmallocChunk:          0 kB
Percpu:            92576 kB
HardwareCorrupted:     0 kB
AnonHugePages:    477184 kB
ShmemHugePages:        0 kB
ShmemPmdMapped:        0 kB
FileHugePages:         0 kB
FilePmdMapped:         0 kB
HugePages_Total:       0
HugePages_Free:        0
HugePages_Rsvd:        0
HugePages_Surp:        0
Hugepagesize:       2048 kB
Hugetlb:               0 kB
DirectMap4k:     3971904 kB
DirectMap2M:    48453632 kB
DirectMap1G:    16777216 kB

/sys/kernel/mm/transparent_hugepage/enabled: always [madvise] never
/sys/kernel/mm/transparent_hugepage/defrag (defrag/compaction efforts parameter): always defer defer+madvise [madvise] never

Process Memory:
Virtual Size: 4447320K (peak: 4484924K)
Resident Set Size: 740572K (peak: 778832K) (anon: 543904K, file: 196668K, shmem: 0K)
Swapped out: 0K
C-Heap outstanding allocations: 40508K, retained: 7827K
glibc malloc tunables: (default)

/proc/sys/kernel/threads-max (system-wide limit on the number of threads): 514406
/proc/sys/vm/max_map_count (maximum number of memory map areas a process may have): 65530
/proc/sys/kernel/pid_max (system-wide limit on number of process identifiers): 4194304

container (cgroup) information:
container_type: cgroupv1
cpu_cpuset_cpus: 2-7
cpu_memory_nodes: 0
active_processor_count: 1
cpu_quota: 50000
cpu_period: 100000
cpu_shares: 512
memory_limit_in_bytes: 1048576 k
memory_and_swap_limit_in_bytes: 1048576 k
memory_soft_limit_in_bytes: 524288 k
memory_usage_in_bytes: 582056 k
memory_max_usage_in_bytes: 606280 k
maximum number of tasks: 1000
current number of tasks: 45

KVM virtualization detected
Steal ticks since vm start: 0
Steal ticks percentage since vm start:  0.000

CPU: total 8 (initial active 1) (8 cores per cpu, 2 threads per core) family 23 model 49 stepping 0 microcode 0xffffffff, cx8, cmov, fxsr, ht, mmx, 3dnowpref, sse, sse2, sse3, ssse3, sse4a, sse4.1, sse4.2, popcnt, lzcnt, tsc, tscinvbit, avx, avx2, aes, clmul, bmi1, bmi2, adx, sha, fma, vzeroupper, clflush, clflushopt, hv
CPU Model and flags from /proc/cpuinfo:
model name	: AMD EPYC 7B12
flags		: fpu vme de pse tsc msr pae mce cx8 apic sep mtrr pge mca cmov pat pse36 clflush mmx fxsr sse sse2 ht syscall nx mmxext fxsr_opt pdpe1gb rdtscp lm constant_tsc rep_good nopl nonstop_tsc cpuid extd_apicid tsc_known_freq pni pclmulqdq ssse3 fma cx16 sse4_1 sse4_2 movbe popcnt aes xsave avx f16c rdrand hypervisor lahf_lm cmp_legacy cr8_legacy abm sse4a misalignsse 3dnowprefetch osvw topoext ssbd ibrs ibpb stibp vmmcall fsgsbase tsc_adjust bmi1 avx2 smep bmi2 rdseed adx smap clflushopt clwb sha_ni xsaveopt xsavec xgetbv1 clzero xsaveerptr arat npt nrip_save umip rdpid

Online cpus: 0-7
Offline cpus: 
BIOS frequency limitation: <Not Available>
Frequency switch latency (ns): <Not Available>
Available cpu frequencies: <Not Available>
Current governor: <Not Available>
Core performance/turbo boost: <Not Available>

Memory: 4k page, physical 1048576k(466512k free), swap 0k(0k free)
Page Sizes: 4k

vm_info: OpenJDK 64-Bit Server VM (17.0.5+8-jvmci-22.3-b08) for linux-amd64 JRE (17.0.5+8-jvmci-22.3-b08), built on Oct 19 2022 09:01:27 by "buildslave" with gcc 10.3.0

END.
